t1548699519.19 U0.0 I0.0 T16.312 T_a-101.0, Discharging started: BTS_1
t1548699519.19 U0.0 I0.0 T16.312 T_a-101.0, Discharging started: BTS_1
t1548699529.23 U22.7859754378 I-108.0161 T16.312 T_a38.6189152635, 
t1548699544.39 U0.0 I0.0 T16.312 T_a-101.0, Discharging started: BTS_1
t1548699544.39 U0.0 I0.0 T16.312 T_a-101.0, Discharging started: BTS_1
t1548699548.38 U0.0 I0.0 T16.312 T_a-102.0, Discharging completed/interrupted: BTS_1
t1548699615.79 U0.0 I0.0 T-103 T_a-103.0, Charging started: BTS_1
t1548699615.84 U24.3317 I-0.1408 TOutdated temperature measurement T_a43.019271894, Outdated temperature measurement
t1548699625.86 U24.754 I8.4134 T16.437 T_a43.0503281562, 16.437
t1548699635.88 U24.7931 I8.4134 T16.437 T_a43.0658562873, 16.437
t1548699645.9 U24.8068 I8.4099 T16.437 T_a43.0813956017, 16.437
t1548699655.92 U24.8638 I8.4134 T16.437 T_a43.0503281562, 16.437
t1548699665.94 U24.8565 I8.4169 T16.437 T_a43.0503281562, 16.437
t1548699675.96 U24.8892 I8.4099 T16.437 T_a43.0348000251, 16.437
t1548699685.98 U24.8955 I8.4099 T16.437 T_a43.0348000251, 16.437
t1548699696.0 U24.9156 I8.4169 T16.437 T_a43.0425640907, 16.437
t1548699706.02 U24.9019 I8.4099 T16.437 T_a43.0348000251, 16.437
t1548699716.04 U24.9314 I8.4064 T16.437 T_a43.0503281562, 16.437
t1548699726.06 U24.923 I8.4099 T16.437 T_a43.0270359596, 16.437
t1548699736.08 U24.9525 I8.4099 T16.437 T_a43.019271894, 16.437
t1548699746.1 U24.9283 I8.4099 T16.437 T_a43.0115078285, 16.437
t1548699756.12 U24.9388 I8.4099 T16.437 T_a42.9960019628, 16.437
t1548699766.14 U24.9642 I8.4064 T16.437 T_a43.0192830268, 16.437
t1548699776.16 U25.0011 I8.4134 T16.437 T_a43.0192830268, 16.437
