t1549213347.76 U0.0 I0.0 T_a-103 T_p-103.0 R0, Charging started: manual charge
t1549213347.82 U20.788 I8.4134 T_a18.812 T_p64.9606476764 R18.812, 
t1549213357.84 U20.8735 I8.4134 T_a18.812 T_p64.9479277665 R18.812, 
t1549213367.86 U20.9622 I8.4099 T_a18.812 T_p64.7322601097 R18.812, 
t1549213377.88 U20.9844 I8.4134 T_a18.812 T_p64.6943195185 R18.812, 
t1549213387.9 U21.0129 I8.4134 T_a18.812 T_p64.4675433909 R18.812, 
t1549213397.92 U21.0541 I8.4064 T_a18.812 T_p64.3296650536 R18.812, 
t1549213407.94 U21.0594 I8.4169 T_a18.812 T_p64.2421415018 R18.812, 
t1549213417.96 U21.09 I8.4134 T_a18.812 T_p64.0430175225 R18.812, 
t1549213427.98 U21.0826 I8.4099 T_a18.812 T_p63.9934250884 R18.812, 
t1549213438.0 U21.1069 I8.4064 T_a18.812 T_p64.0927354581 R18.812, 
t1549213448.02 U21.1069 I8.4205 T_a18.812 T_p63.8695691967 R18.812, 
t1549213458.04 U21.1122 I8.4064 T_a18.812 T_p63.9810061144 R18.812, 
t1549213468.06 U21.1301 I8.4099 T_a18.812 T_p63.7832184774 R18.812, 
t1549213478.08 U21.1428 I8.4099 T_a18.812 T_p63.72162164 R18.812, 
t1549213488.1 U21.1385 I8.4064 T_a18.812 T_p63.6110510516 R18.812, 
t1549213498.12 U21.1554 I8.4064 T_a18.812 T_p63.7093269468 R18.812, 
t1549213508.14 U21.1607 I8.4169 T_a18.812 T_p63.5865024903 R18.812, 
t1549213518.16 U21.1702 I8.4099 T_a18.812 T_p63.5497408857 R18.812, 
t1549213528.18 U21.1808 I8.4029 T_a18.812 T_p63.4152320394 R18.812, 
t1549213538.2 U21.204 I8.4169 T_a18.812 T_p63.2690740429 R18.812, 
t1549213548.22 U21.2093 I8.4064 T_a18.812 T_p63.3542458165 R18.812, 
t1549213558.24 U21.2283 I8.4134 T_a18.812 T_p63.2447278372 R18.812, 
t1549213568.26 U21.2262 I8.4205 T_a18.812 T_p63.1840620549 R18.812, 
t1549213578.28 U21.2336 I8.4134 T_a18.812 T_p62.966377972 R18.812, 
t1549213588.3 U21.242 I8.4064 T_a18.812 T_p63.0025797123 R18.812, 
t1549213598.32 U21.261 I8.4134 T_a18.812 T_p62.9784320936 R18.812, 
t1549213608.34 U21.2684 I8.4134 T_a18.812 T_p62.8820382146 R18.812, 
t1549213618.36 U21.2642 I8.4099 T_a18.812 T_p62.9302547012 R18.812, 
t1549213628.38 U21.2895 I8.4099 T_a18.812 T_p62.858047254 R18.812, 
t1549213638.4 U21.2779 I8.4099 T_a18.812 T_p62.761965572 R18.812, 
t1549213648.42 U21.3117 I8.4029 T_a18.812 T_p62.5467400779 R18.812, 
t1549213658.44 U21.317 I8.4134 T_a18.812 T_p62.47526712 R18.812, 
t1549213668.46 U21.3191 I8.4064 T_a18.812 T_p62.3683244749 R18.812, 
t1549213678.48 U21.3191 I8.4099 T_a18.812 T_p62.4039466917 R18.812, 
t1549213688.5 U21.354 I8.4099 T_a18.812 T_p62.3802238787 R18.812, 
t1549213698.52 U21.3561 I8.3993 T_a18.812 T_p62.2972314959 R18.812, 
t1549213708.54 U21.355 I8.4134 T_a18.812 T_p62.1199882131 R18.812, 
t1549213718.56 U21.3687 I8.4134 T_a18.812 T_p62.0728433673 R18.812, 
t1549213728.58 U21.3751 I8.4064 T_a18.812 T_p61.9201429402 R18.812, 
t1549213738.6 U21.3761 I8.4169 T_a18.812 T_p61.8967188098 R18.812, 
t1549213748.62 U21.4131 I8.4064 T_a18.812 T_p61.7563941447 R18.812, 
t1549213758.64 U21.3941 I8.4134 T_a18.812 T_p61.8030956606 R18.812, 
t1549213768.66 U21.4226 I8.4169 T_a18.812 T_p61.6631368397 R18.812, 
t1549213778.68 U25.1922 I0.0035 T_a18.812 T_p61.6282199978 R18.812, 
t1549213788.74 U0.0 I0.0 T_a-104 T_p-104.0 R0, Charging completed/interrupted: manual charge
t1550657647.99 U0.0 I0.0 T_a-103 T_p-103.0 R0, Charging started: manual charge
t1550657648.05 U21.317 I8.3606 T_a13.5 T_p12.2855300852 R13.5, 
t1550657655.14 U0.0 I0.0 T_a-104 T_p-104.0 R0, Charging completed/interrupted: manual charge
t1550657668.87 U0.0 I0.0 T_a-103 T_p-103.0 R0, Charging started: manual charge
t1550657668.93 U21.3677 I-0.0915 T_a13.5 T_p12.3392410245 R13.5, 
t1550657678.95 U21.9769 I8.3993 T_a13.562 T_p12.4412485285 R13.562, 
t1550657688.96 U22.0783 I8.3993 T_a13.562 T_p12.2909044896 R13.562, 
t1550657698.98 U22.1089 I8.3888 T_a13.562 T_p12.4841935916 R13.562, 
t1550657709.0 U22.167 I8.3923 T_a13.562 T_p12.3070241015 R13.562, 
t1550657719.02 U22.1871 I8.3993 T_a13.562 T_p12.5110244803 R13.562, 
t1550657729.04 U22.2124 I8.4029 T_a13.562 T_p12.3553544843 R13.562, 
t1550657739.06 U22.2716 I8.3958 T_a13.562 T_p12.4841924285 R13.562, 
t1550657749.08 U22.3064 I8.3958 T_a13.562 T_p12.559305453 R13.562, 
t1550657759.1 U22.3275 I8.4029 T_a13.562 T_p12.7202128362 R13.562, 
t1550657769.12 U22.318 I8.4029 T_a13.562 T_p12.7309271 R13.562, 
t1550657779.14 U22.3539 I8.3923 T_a13.562 T_p12.7309347778 R13.562, 
t1550657789.16 U22.3592 I8.3993 T_a13.562 T_p12.6505026905 R13.562, 
t1550657799.18 U22.3867 I8.3993 T_a13.562 T_p12.59685138 R13.562, 
t1550657809.2 U22.4289 I8.4029 T_a13.562 T_p12.7416587868 R13.562, 
t1550657819.22 U22.4247 I8.3958 T_a13.625 T_p12.7255764925 R13.625, 
t1550657829.24 U22.4585 I8.3958 T_a13.562 T_p12.6665893221 R13.562, 
t1550657839.26 U22.4764 I8.3923 T_a13.625 T_p12.9185252061 R13.625, 
t1550657849.28 U22.4838 I8.3923 T_a13.625 T_p12.9399434272 R13.625, 
t1550657859.3 U22.4912 I8.3958 T_a13.562 T_p12.7899025134 R13.562, 
t1550657869.32 U22.506 I8.3958 T_a13.562 T_p12.881014884 R13.562, 
t1550657879.34 U22.5102 I8.3923 T_a13.625 T_p12.8702961724 R13.625, 
t1550657889.36 U22.5123 I8.3993 T_a13.625 T_p12.9560143317 R13.625, 
t1550657899.38 U22.5123 I8.3958 T_a13.625 T_p13.1488196681 R13.625, 
t1550657909.39 U22.5376 I8.3923 T_a13.625 T_p13.1327518638 R13.625, 
t1550657919.41 U22.5398 I8.3993 T_a13.625 T_p13.0203001632 R13.625, 
t1550657929.43 U22.5376 I8.3993 T_a13.625 T_p13.1006264786 R13.625, 
t1550657939.45 U22.5873 I8.3923 T_a13.625 T_p13.3093858868 R13.625, 
t1550657949.47 U22.5619 I8.4064 T_a13.625 T_p13.229113681 R13.625, 
t1550657959.49 U22.5915 I8.3958 T_a13.625 T_p13.2023456384 R13.625, 
t1550657969.51 U22.6094 I8.3958 T_a13.625 T_p13.4966135398 R13.625, 
t1550657979.53 U22.6253 I8.4029 T_a13.625 T_p13.2398159856 R13.625, 
t1550657989.55 U22.6454 I8.4064 T_a13.625 T_p13.5928561753 R13.625, 
t1550657999.57 U22.6411 I8.3923 T_a13.625 T_p13.6570123717 R13.625, 
t1550658009.59 U22.6538 I8.4029 T_a13.625 T_p13.4912670217 R13.625, 
t1550658019.61 U22.6443 I8.4029 T_a13.625 T_p13.5340481478 R13.625, 
t1550658029.62 U22.6633 I8.3993 T_a13.625 T_p13.5607720964 R13.625, 
t1550658039.64 U22.6549 I8.3958 T_a13.625 T_p13.8066583685 R13.625, 
t1550658049.66 U22.6802 I8.3923 T_a13.625 T_p13.7692551508 R13.625, 
t1550658059.68 U22.6549 I8.3958 T_a13.625 T_p13.8814599769 R13.625, 
t1550658069.7 U22.6686 I8.3923 T_a13.625 T_p13.9615891516 R13.625, 
t1550658079.72 U22.6665 I8.3923 T_a13.625 T_p13.8494058685 R13.625, 
t1550658089.74 U22.6865 I8.3958 T_a13.625 T_p13.8066562215 R13.625, 
t1550658099.77 U22.695 I8.3993 T_a13.625 T_p13.8654286554 R13.625, 
t1550658109.79 U22.7003 I8.3888 T_a13.625 T_p13.9669292637 R13.625, 
t1550658119.81 U22.7087 I8.3958 T_a13.625 T_p14.095108369 R13.625, 
t1550658129.83 U22.7383 I8.3958 T_a13.625 T_p14.0417004158 R13.625, 
t1550658139.85 U22.715 I8.3853 T_a13.625 T_p14.2926394433 R13.625, 
t1550658149.87 U22.7552 I8.3993 T_a13.625 T_p14.2552756185 R13.625, 
t1550658159.89 U22.7604 I8.4099 T_a13.625 T_p14.3246643815 R13.625, 
t1550658169.91 U22.7594 I8.3993 T_a13.625 T_p14.3780360202 R13.625, 
t1550658179.93 U22.7562 I8.3958 T_a13.625 T_p14.3780308156 R13.625, 
t1550658189.95 U22.7647 I8.3958 T_a13.625 T_p14.559454934 R13.625, 
t1550658199.97 U22.7826 I8.3993 T_a13.625 T_p14.4314002299 R13.625, 
t1550658209.99 U22.7689 I8.3923 T_a13.625 T_p14.5487804396 R13.625, 
t1550658220.0 U22.789 I8.3993 T_a13.625 T_p14.4740870317 R13.625, 
t1550658230.02 U22.8016 I8.3958 T_a13.625 T_p14.5754628353 R13.625, 
t1550658240.03 U22.7921 I8.3993 T_a13.625 T_p14.5274442985 R13.625, 
t1550658250.05 U22.8365 I8.4029 T_a13.625 T_p14.7834914622 R13.625, 
t1550658260.07 U22.8449 I8.3958 T_a13.625 T_p14.7088218553 R13.625, 
t1550658270.09 U22.8185 I8.3993 T_a13.625 T_p14.9754636217 R13.625, 
t1550658280.11 U22.8407 I8.3993 T_a13.625 T_p14.7461562541 R13.625, 
t1550658290.13 U22.8354 I8.4029 T_a13.625 T_p15.082095784 R13.625, 
t1550658300.15 U22.8777 I8.3923 T_a13.625 T_p14.8848138088 R13.625, 
t1550658310.17 U22.8703 I8.3993 T_a13.625 T_p15.1780537053 R13.625, 
t1550658320.19 U22.8946 I8.3993 T_a13.625 T_p15.2846659774 R13.625, 
t1550658330.21 U22.8692 I8.3958 T_a13.625 T_p15.2206994942 R13.625, 
t1550658340.23 U22.8956 I8.3958 T_a13.625 T_p15.1300767306 R13.625, 
t1550658350.25 U22.8766 I8.4064 T_a13.625 T_p15.1620617262 R13.625, 
t1550658360.27 U22.9167 I8.3993 T_a13.625 T_p15.2260304035 R13.625, 
t1550658370.29 U22.9305 I8.3958 T_a13.625 T_p15.4445649818 R13.625, 
t1550658380.31 U22.9062 I8.4064 T_a13.625 T_p15.508519398 R13.625, 
t1550658390.33 U22.941 I8.3958 T_a13.625 T_p15.5245067495 R13.625, 
t1550658400.35 U22.9273 I8.3923 T_a13.625 T_p15.508519398 R13.625, 
t1550658410.37 U22.9547 I8.4029 T_a13.625 T_p15.6524084404 R13.625, 
t1550658420.39 U22.9759 I8.3993 T_a13.625 T_p15.6044451801 R13.625, 
t1550658430.41 U22.978 I8.3993 T_a13.625 T_p15.8229322895 R13.625, 
t1550658440.43 U22.9938 I8.4029 T_a13.625 T_p15.7216844394 R13.625, 
t1550658450.45 U23.0054 I8.3958 T_a13.625 T_p15.9081920173 R13.625, 
t1550658460.46 U22.9906 I8.3993 T_a13.625 T_p15.8762200088 R13.625, 
t1550658470.48 U23.0297 I8.3958 T_a13.625 T_p15.8602336964 R13.625, 
t1550658480.5 U22.9906 I8.4029 T_a13.625 T_p16.0840366724 R13.625, 
t1550658490.52 U23.0498 I8.4029 T_a13.625 T_p16.2332394288 R13.625, 
t1550658500.55 U23.0529 I8.3993 T_a13.625 T_p16.0893652966 R13.625, 
t1550658510.57 U23.0667 I8.4029 T_a13.625 T_p16.2438967074 R13.625, 
t1550658520.59 U23.0403 I8.3993 T_a13.625 T_p16.2652117274 R13.625, 
t1550658530.61 U23.0677 I8.4029 T_a13.625 T_p16.2758691525 R13.625, 
t1550658540.63 U23.0962 I8.4064 T_a13.625 T_p16.3877756028 R13.625, 
t1550658550.65 U23.0857 I8.4029 T_a13.625 T_p16.5796279793 R13.625, 
t1550658560.66 U23.1005 I8.3958 T_a13.625 T_p16.5849581757 R13.625, 
t1550658570.68 U23.1279 I8.3923 T_a13.625 T_p16.5263332116 R13.625, 
t1550658580.7 U23.1364 I8.3993 T_a13.625 T_p16.5689688849 R13.625, 
t1550658590.72 U23.1131 I8.3958 T_a13.625 T_p16.7128697185 R13.625, 
t1550658600.74 U23.1596 I8.3993 T_a13.625 T_p16.8514572583 R13.625, 
t1550658610.76 U23.1279 I8.3993 T_a13.625 T_p16.6542425757 R13.625, 
t1550658620.78 U23.1765 I8.3958 T_a13.625 T_p16.7182006247 R13.625, 
t1550658630.8 U23.1723 I8.3958 T_a13.625 T_p16.9527413733 R13.625, 
t1550658640.82 U23.1786 I8.4064 T_a13.625 T_p17.0220478019 R13.625, 
t1550658650.84 U23.1775 I8.3958 T_a13.625 T_p17.1446811484 R13.625, 
t1550658660.87 U23.1797 I8.3993 T_a13.625 T_p17.1233512385 R13.625, 
t1550658670.89 U23.2177 I8.3958 T_a13.625 T_p17.2673311501 R13.625, 
t1550658680.9 U23.2008 I8.3993 T_a13.625 T_p17.2459982345 R13.625, 
t1550658690.92 U23.2134 I8.3958 T_a13.625 T_p17.3419996717 R13.625, 
t1550658700.95 U23.2282 I8.3993 T_a13.625 T_p17.2619965888 R13.625, 
t1550658710.97 U23.2451 I8.3993 T_a13.625 T_p17.2993321165 R13.625, 
t1550658720.99 U23.2377 I8.3993 T_a13.625 T_p17.2779960804 R13.625, 
t1550658731.01 U23.2493 I8.3993 T_a13.625 T_p17.400671124 R13.625, 
t1550658741.03 U23.281 I8.3993 T_a13.625 T_p17.5447032988 R13.625, 
t1550658751.06 U23.2842 I8.3993 T_a13.625 T_p17.5340353135 R13.625, 
t1550658761.07 U23.2842 I8.3993 T_a13.625 T_p17.5713804546 R13.625, 
t1550658771.09 U23.319 I8.4029 T_a13.625 T_p17.5820536312 R13.625, 
t1550658781.11 U23.3085 I8.4099 T_a13.625 T_p17.7688301826 R13.625, 
t1550658791.13 U23.3211 I8.3923 T_a13.625 T_p17.7795017637 R13.625, 
t1550658801.15 U23.3507 I8.4029 T_a13.625 T_p17.7368057191 R13.625, 
t1550658811.17 U23.3486 I8.4064 T_a13.625 T_p17.827545265 R13.625, 
t1550658821.19 U23.3539 I8.3993 T_a13.625 T_p18.0517916257 R13.625, 
t1550658831.21 U23.3581 I8.4099 T_a13.625 T_p18.0838309074 R13.625, 
t1550658841.23 U23.3919 I8.4029 T_a13.625 T_p18.0090678985 R13.625, 
t1553619054.31 U19.7004 I8.3993 T_a23.312 T_p51.3728919037 R23.312, 
t1553619064.33 U19.8831 I8.3993 T_a23.375 T_p51.3997107807 R23.375, 
t1553619074.34 U19.9886 I8.4064 T_a23.375 T_p51.2569489769 R23.375, 
t1553619084.36 U20.1185 I8.3993 T_a23.312 T_p51.0171074643 R23.312, 
t1553619094.38 U20.2178 I8.3993 T_a23.375 T_p50.8668080388 R23.375, 
t1553619104.4 U20.298 I8.4099 T_a23.312 T_p50.7786769509 R23.312, 
t1553619114.42 U20.3994 I8.4029 T_a23.312 T_p50.7786581127 R23.312, 
t1553619124.44 U20.4638 I8.4064 T_a23.312 T_p50.5678480524 R23.312, 
t1553619134.46 U20.5124 I8.4134 T_a23.312 T_p50.4803512737 R23.312, 
t1553619144.48 U20.5472 I8.4064 T_a23.312 T_p50.2971600958 R23.312, 
t1553619154.5 U20.5947 I8.3993 T_a23.312 T_p50.3581504796 R23.312, 
t1553619164.52 U20.6581 I8.4099 T_a23.25 T_p50.1494595983 R23.25, 
t1553619174.54 U20.6908 I8.4134 T_a23.25 T_p50.1755073025 R23.25, 
t1553619184.56 U20.7267 I8.3993 T_a23.25 T_p50.0455396105 R23.25, 
t1553619194.58 U20.7721 I8.4169 T_a23.25 T_p49.9590982879 R23.25, 
t1553619204.6 U20.7922 I8.4134 T_a23.187 T_p49.9850020383 R23.187, 
t1553619214.62 U20.8397 I8.4064 T_a23.187 T_p49.9073264876 R23.187, 
t1553619224.64 U20.8746 I8.4029 T_a23.187 T_p49.8987038043 R23.187, 
t1553619234.67 U20.9031 I8.4064 T_a23.187 T_p49.8901344816 R23.187, 
t1553619244.68 U20.9147 I8.4169 T_a23.187 T_p49.7352451148 R23.187, 
t1553619254.7 U20.9379 I8.4064 T_a23.187 T_p49.8297933587 R23.187, 
t1553619264.73 U20.9707 I8.4099 T_a23.187 T_p49.7095007866 R23.187, 
t1553619274.75 U21.0002 I8.4099 T_a23.125 T_p49.606646633 R23.125, 
t1553619284.77 U21.0097 I8.4099 T_a23.125 T_p49.6751692849 R23.125, 
t1553619294.79 U21.0161 I8.4099 T_a23.125 T_p49.6151638175 R23.125, 
t1553619304.81 U21.0361 I8.4099 T_a23.062 T_p49.6408729176 R23.062, 
t1553619314.83 U21.0763 I8.4099 T_a23.0 T_p49.6580123177 R23.0, 
t1553619324.85 U21.0836 I8.4134 T_a23.0 T_p49.5809374399 R23.0, 
t1553619334.87 U21.0984 I8.4169 T_a23.0 T_p49.5467459182 R23.0, 
t1553619344.89 U21.1069 I8.4134 T_a22.937 T_p49.5381936923 R22.937, 
t1553619354.91 U21.1248 I8.4134 T_a22.937 T_p49.5552807623 R22.937, 
t1553619364.93 U21.1364 I8.4134 T_a22.875 T_p49.4442928423 R22.875, 
t1553619374.95 U21.1385 I8.4134 T_a22.875 T_p49.4101880461 R22.875, 
t1553619384.97 U21.1649 I8.3888 T_a22.875 T_p49.4698627944 R22.875, 
t1553619394.99 U21.1829 I8.4099 T_a22.812 T_p49.5809374399 R22.812, 
t1553619405.01 U21.1966 I8.4099 T_a22.812 T_p49.4442755522 R22.812, 
t1553619413.72 U20.7542 I-0.1372 T_a22.75 T_p49.4698627944 R22.75, 
t1553619423.74 U21.1935 I8.4099 T_a22.75 T_p49.5467285364 R22.75, 
t1553619433.76 U21.2125 I8.4099 T_a22.687 T_p49.5125717783 R22.687, 
t1553619443.78 U21.222 I8.4064 T_a22.687 T_p49.4954673266 R22.687, 
t1553619453.8 U21.2125 I8.4064 T_a22.687 T_p49.4613625304 R22.687, 
t1553619463.82 U21.241 I8.4099 T_a22.687 T_p49.4187401803 R22.687, 
t1553619473.84 U21.2357 I8.3993 T_a22.687 T_p49.4442755522 R22.687, 
t1553619483.86 U21.2452 I8.4099 T_a22.687 T_p49.2910453925 R22.687, 
t1553619493.88 U21.2621 I8.4029 T_a22.687 T_p49.291096718 R22.687, 
t1553619503.9 U21.2843 I8.4029 T_a22.687 T_p49.2570610808 R22.687, 
t1553619513.92 U21.2895 I8.4099 T_a22.687 T_p49.1383807217 R22.687, 
t1553619523.94 U21.3096 I8.4029 T_a22.687 T_p49.1214482658 R22.687, 
t1553619533.96 U21.3117 I8.4029 T_a22.687 T_p49.0960665114 R22.687, 
t1553619543.98 U21.2959 I8.4099 T_a22.687 T_p49.2061616013 R22.687, 
t1553619554.0 U21.3096 I8.4169 T_a22.687 T_p49.1976783547 R22.687, 
t1553619564.02 U21.3402 I8.4064 T_a22.687 T_p49.1638134429 R22.687, 
t1553619574.04 U21.3497 I8.4029 T_a22.687 T_p49.0960665114 R22.687, 
t1553619584.06 U21.3487 I8.4134 T_a22.687 T_p49.0284720342 R22.687, 
t1553619594.08 U21.3687 I8.3993 T_a22.687 T_p49.0538030892 R22.687, 
t1553619604.1 U21.373 I8.4099 T_a22.687 T_p48.9693943074 R22.687, 
t1553619614.12 U21.3867 I8.4099 T_a22.687 T_p49.0791848436 R22.687, 
t1553619624.14 U21.4025 I8.4099 T_a22.687 T_p48.9188330661 R22.687, 
t1553619634.16 U21.4152 I8.4099 T_a22.687 T_p48.9609786023 R22.687, 
t1553619644.18 U21.4036 I8.4099 T_a22.687 T_p49.0538030892 R22.687, 
t1553619654.2 U21.4289 I8.4064 T_a22.687 T_p48.9104006084 R22.687, 
t1553619664.22 U21.4479 I8.4169 T_a22.625 T_p48.7255547262 R22.625, 
t1553619674.24 U21.4332 I8.4099 T_a22.625 T_p48.7423362271 R22.625, 
t1553619684.26 U21.4627 I8.4099 T_a22.625 T_p48.725587797 R22.625, 
t1553619694.28 U21.4764 I8.4134 T_a22.562 T_p48.8599230434 R22.562, 
t1553619704.31 U21.4743 I8.4099 T_a22.562 T_p48.8178945143 R22.562, 
t1553619714.33 U21.4944 I8.4099 T_a22.5 T_p48.7843148471 R22.5, 
t1553619724.35 U21.4912 I8.4099 T_a22.5 T_p48.6752764513 R22.5, 
t1553619734.37 U21.5134 I8.4169 T_a22.437 T_p48.6417960834 R22.437, 
t1553619744.39 U21.5123 I8.4099 T_a22.437 T_p48.700473398 R22.437, 
t1553619754.41 U21.525 I8.4029 T_a22.437 T_p48.5749011453 R22.437, 
t1553619764.43 U21.5387 I8.4134 T_a22.437 T_p48.5832671142 R22.437, 
t1553619774.45 U21.5482 I8.4064 T_a22.437 T_p48.5749011453 R22.437, 
t1553619784.47 U21.5599 I8.4134 T_a22.437 T_p48.5081209685 R22.437, 
t1553619794.49 U21.5841 I8.4099 T_a22.437 T_p48.4581052025 R22.437, 
t1553619804.51 U21.5873 I8.4099 T_a22.375 T_p48.3832033742 R22.375, 
t1553619814.53 U21.581 I8.4064 T_a22.375 T_p48.3915042247 R22.375, 
t1553619824.55 U21.6158 I8.4134 T_a22.375 T_p48.3250005014 R22.375, 
t1553619834.57 U21.6232 I8.4099 T_a22.375 T_p48.2918131689 R22.375, 
t1553619844.59 U25.1986 I0.0035 T_a22.375 T_p48.2171857796 R22.375, 
t1554281690.01 U0.0 I0.0106 T_a14.937 T_p14.1431598704 R14.937, 
t1554281700.03 U25.1944 I2.625 T_a15.0 T_p14.3139910574 R15.0, 
t1554281710.05 U25.206 I2.3224 T_a15.0 T_p14.292639995 R15.0, 
t1554281720.07 U25.1933 I2.1218 T_a15.0 T_p14.3246643815 R15.0, 
t1554281730.09 U25.1996 I1.9916 T_a15.0 T_p14.1538401475 R15.0, 
t1554281740.11 U25.1986 I1.8685 T_a15.0 T_p14.3193277194 R15.0, 
t1554281750.13 U25.2017 I1.784 T_a15.0 T_p14.1751958683 R15.0, 
t1554281760.15 U25.1944 I1.6855 T_a15.0 T_p14.2712837574 R15.0, 
t1554281770.17 U25.1986 I1.6151 T_a15.0 T_p14.2018887331 R15.0, 
t1554281780.19 U25.1954 I1.5588 T_a15.0 T_p14.3887088621 R15.0, 
t1554281790.21 U25.1933 I1.5025 T_a15.0 T_p14.281961066 R15.0, 
t1554281800.23 U25.1954 I1.4427 T_a15.0 T_p14.372698272 R15.0, 
t1554281810.24 U25.2007 I1.397 T_a15.0 T_p14.2659477518 R15.0, 
t1554281820.26 U25.1986 I1.3512 T_a15.062 T_p14.3993827381 R15.062, 
t1554281830.28 U25.1922 I1.302 T_a15.062 T_p14.4260640675 R15.062, 
t1554281840.3 U25.1912 I1.2703 T_a15.062 T_p14.3086483258 R15.062, 
t1554281850.32 U25.1996 I1.2351 T_a15.062 T_p14.2766249906 R15.062, 
t1554281860.34 U25.1996 I1.1823 T_a15.062 T_p14.346013806 R15.062, 
t1554281870.36 U25.2017 I1.1753 T_a15.062 T_p14.3300004744 R15.062, 
t1554281880.38 U25.1996 I1.119 T_a15.062 T_p14.3833716483 R15.062, 
t1554281890.4 U25.1944 I1.0943 T_a15.062 T_p14.522108136 R15.062, 
t1554281900.42 U25.1986 I1.0662 T_a15.062 T_p14.3513504854 R15.062, 
t1554281910.44 U25.1954 I1.0345 T_a15.062 T_p14.383371114 R15.062, 
t1554281920.46 U25.1944 I1.0064 T_a15.062 T_p14.4367364098 R15.062, 
t1554281930.48 U25.1975 I0.9782 T_a15.062 T_p14.4367359101 R15.062, 
t1554281940.5 U25.1986 I0.9571 T_a15.062 T_p14.4527454142 R15.062, 
t1554281950.52 U25.1996 I0.9325 T_a15.062 T_p14.5594568287 R15.062, 
t1554281960.54 U25.1965 I0.9078 T_a15.062 T_p14.4420725723 R15.062, 
t1554281970.56 U25.1965 I0.8867 T_a15.062 T_p14.4740885653 R15.062, 
t1554281980.58 U25.1975 I0.8727 T_a15.062 T_p14.3726945314 R15.062, 
t1554281990.6 U25.1933 I0.848 T_a15.062 T_p14.3940428698 R15.062, 
t1554282000.62 U25.1922 I0.8269 T_a15.062 T_p14.3887093791 R15.062, 
t1554282138.15 U24.1173 I-0.1724 T_a15.062 T_p20.5553203804 R15.062, 
t1554282148.17 U24.7519 I8.4099 T_a15.062 T_p21.289316738 R15.062, 
t1554282158.19 U24.8987 I8.4064 T_a15.125 T_p21.6574226774 R15.125, 
t1554282168.21 U24.9631 I8.4099 T_a15.125 T_p21.7549842302 R15.125, 
t1554282178.23 U25.0529 I8.4099 T_a15.187 T_p21.8146357177 R15.187, 
t1554282188.25 U25.1299 I8.4134 T_a15.187 T_p22.091496059 R15.187, 
t1554282198.27 U25.1669 I8.4134 T_a15.25 T_p21.988297443 R15.25, 
t1554282208.29 U25.2049 I7.9771 T_a15.25 T_p21.999157172 R15.25, 
t1554282218.31 U25.1922 I7.4598 T_a15.312 T_p21.9937309636 R15.312, 
t1554282228.33 U25.1986 I7.0833 T_a15.312 T_p22.0969185021 R15.312, 
t1554282238.35 U25.206 I6.7314 T_a15.375 T_p22.1730123827 R15.375, 
t1554282248.37 U25.1996 I6.4429 T_a15.375 T_p22.1621358946 R15.375, 
t1554282258.39 U25.188 I6.1508 T_a15.437 T_p22.0534649615 R15.437, 
t1554282268.4 U25.188 I5.9186 T_a15.437 T_p22.1512651049 R15.437, 
t1554282278.42 U25.1975 I5.6899 T_a15.5 T_p22.287203119 R15.5, 
t1554282288.44 U25.1996 I5.4541 T_a15.5 T_p22.2328131312 R15.5, 
t1554282298.45 U25.1912 I5.25 T_a15.5 T_p22.1240936358 R15.5, 
t1554282308.47 U25.1944 I5.0706 T_a15.562 T_p22.2709007587 R15.562, 
t1554282318.49 U25.188 I4.877 T_a15.562 T_p22.303532173 R15.562, 
t1554282328.52 U25.1901 I4.7117 T_a15.562 T_p22.2600109911 R15.562, 
t1554282338.54 U25.1975 I4.5392 T_a15.625 T_p22.0969277809 R15.625, 
t1554282348.56 U25.1849 I4.3633 T_a15.625 T_p22.0806290177 R15.625, 
t1554282358.58 U25.1901 I4.212 T_a15.625 T_p22.0914960925 R15.625, 
t1554282368.6 U25.1944 I4.0818 T_a15.687 T_p22.1621321462 R15.687, 
t1554282378.62 U25.1912 I3.9375 T_a15.687 T_p22.1458278022 R15.687, 
t1554282388.63 U25.1975 I3.8038 T_a15.75 T_p22.1349569957 R15.75, 
t1554282398.65 U25.1912 I3.6666 T_a15.75 T_p22.1947558784 R15.75, 
t1554282408.67 U25.1901 I3.5364 T_a15.812 T_p22.2600071754 R15.812, 
t1554282418.69 U25.1944 I3.4343 T_a15.812 T_p22.205638048 R15.812, 
t1554282428.71 U25.1944 I3.3182 T_a15.812 T_p22.1784402386 R15.812, 
t1554282438.73 U25.1933 I3.2091 T_a15.875 T_p22.1838756418 R15.875, 
t1554282448.75 U25.1933 I3.1036 T_a15.875 T_p22.0969185021 R15.875, 
t1554282458.77 U25.1922 I2.998 T_a15.937 T_p22.0751972622 R15.937, 
t1554282468.79 U25.1986 I2.896 T_a15.937 T_p22.0860532763 R15.937, 
t1554282478.81 U25.1975 I2.7939 T_a15.937 T_p22.1567042903 R15.937, 
t1554282488.84 U25.1996 I2.6989 T_a16.0 T_p22.2110658534 R16.0, 
t1554282498.86 U25.1954 I2.618 T_a16.0 T_p22.1621396599 R16.0, 
t1554282508.88 U25.1912 I2.5194 T_a16.062 T_p22.0425960712 R16.062, 
t1554282518.9 U25.1922 I2.4385 T_a16.062 T_p22.1730142149 R16.062, 
t1554282528.92 U25.1933 I2.3646 T_a16.062 T_p22.173006718 R16.062, 
t1554282538.94 U25.1975 I2.2767 T_a16.125 T_p21.9828712012 R16.125, 
t1554282548.96 U25.1954 I2.1922 T_a16.125 T_p21.9774322507 R16.125, 
t1554282558.98 U25.1954 I2.1289 T_a16.187 T_p21.9122938978 R16.187, 
t1554282569.0 U25.1965 I2.0726 T_a16.187 T_p21.9665743373 R16.187, 
t1554282579.02 U25.1996 I1.9881 T_a16.187 T_p22.0860569912 R16.187, 
t1554282589.04 U25.1954 I1.9213 T_a16.25 T_p22.0100095886 R16.25, 
t1554282599.06 U25.2028 I1.8509 T_a16.25 T_p21.9774286197 R16.25, 
t1554282609.07 U25.2007 I1.7946 T_a16.25 T_p22.0860625551 R16.25, 
t1554282619.09 U25.1965 I1.7312 T_a16.312 T_p22.0697582112 R16.312, 
t1554282629.11 U25.1922 I1.6785 T_a16.312 T_p21.9231553753 R16.312, 
t1554282639.13 U25.2028 I1.6292 T_a16.312 T_p21.9177273347 R16.312, 
t1554282649.14 U25.1996 I1.5623 T_a16.375 T_p21.8526123157 R16.375, 
t1554282659.16 U25.2039 I1.5166 T_a16.375 T_p21.8200566301 R16.375, 
t1554282669.18 U25.1996 I1.4779 T_a16.375 T_p21.8471842751 R16.375, 
t1554282679.2 U25.1986 I1.4251 T_a16.375 T_p21.8200566301 R16.375, 
t1554282689.22 U25.2017 I1.3829 T_a16.437 T_p21.8960133735 R16.437, 
t1554282699.24 U25.1922 I1.3477 T_a16.437 T_p21.809216554 R16.437, 
t1554282709.25 U25.1944 I1.2949 T_a16.5 T_p21.8797346313 R16.5, 
t1554282719.27 U25.1986 I1.2562 T_a16.5 T_p21.9720042101 R16.5, 
t1554282729.29 U25.1933 I1.2175 T_a16.562 T_p21.8797310505 R16.562, 
t1554282739.31 U25.1922 I1.1929 T_a16.562 T_p21.7820995011 R16.562, 
t1554282749.33 U25.1996 I1.1506 T_a16.562 T_p21.8960115747 R16.562, 
t1554282759.35 U25.1954 I1.1084 T_a16.625 T_p21.8363300261 R16.625, 
t1554282769.37 U25.1996 I1.0873 T_a16.625 T_p21.7658226244 R16.625, 
t1554282779.38 U25.1986 I1.0451 T_a16.625 T_p21.7658243731 R16.625, 
t1554282789.4 U25.1975 I1.0134 T_a16.625 T_p21.7549789842 R16.625, 
t1554282799.42 U25.1975 I0.9888 T_a16.625 T_p21.8200566468 R16.625, 
t1554282809.44 U25.1965 I0.9466 T_a16.687 T_p21.6574174815 R16.687, 
t1554282819.46 U25.1965 I0.929 T_a16.687 T_p21.6628366786 R16.687, 
t1554282829.48 U25.1933 I0.9043 T_a16.687 T_p21.8417633628 R16.687, 
t1554282839.51 U25.1975 I0.8832 T_a16.687 T_p21.7929396273 R16.687, 
t1554282849.53 U25.1944 I0.8551 T_a16.75 T_p21.6845083878 R16.75, 
t1554282859.55 U25.1965 I0.8199 T_a16.75 T_p21.72787249 R16.75, 
t1554283086.15 U24.2651 I-0.1795 T_a17.062 T_p24.3200545427 R17.062, 
t1554283096.17 U24.9156 I8.4029 T_a17.125 T_p24.9236077159 R17.125, 
t1554283106.19 U25.0845 I8.4064 T_a17.187 T_p25.3686185851 R17.187, 
t1554283116.21 U25.1764 I8.4205 T_a17.187 T_p25.3296096846 R17.187, 
t1554283126.23 U25.1954 I7.4282 T_a17.25 T_p25.5025160399 R17.25, 
t1554283136.25 U25.2028 I6.6399 T_a17.25 T_p25.491328781 R17.25, 
t1554283146.27 U25.1922 I6.0769 T_a17.312 T_p25.6029956108 R17.312, 
t1554283156.29 U25.1954 I5.6406 T_a17.375 T_p25.6868423895 R17.375, 
t1554283166.31 U25.1891 I5.2535 T_a17.375 T_p25.7259839244 R17.375, 
t1554283176.33 U25.187 I4.9544 T_a17.375 T_p25.6588854377 R17.375, 
t1554283186.35 U25.1912 I4.6589 T_a17.437 T_p25.5527322678 R17.437, 
t1554283196.37 U25.1891 I4.4548 T_a17.5 T_p25.5639107758 R17.5, 
t1554283206.39 U25.1912 I4.1979 T_a17.5 T_p25.7483560624 R17.5, 
t1554283216.4 U25.187 I4.0114 T_a17.562 T_p25.5527381757 R17.562, 
t1554283226.42 U25.187 I3.8144 T_a17.562 T_p25.5639018955 R17.562, 
t1554283236.44 U25.1922 I3.6525 T_a17.562 T_p25.7315776554 R17.562, 
t1554283246.46 U25.1954 I3.4871 T_a17.625 T_p25.6085893605 R17.625, 
t1554283256.48 U25.1975 I3.3358 T_a17.687 T_p25.5527263414 R17.687, 
t1554283266.5 U25.1933 I3.1915 T_a17.687 T_p25.6533066616 R17.687, 
t1554283276.52 U25.1965 I3.0473 T_a17.687 T_p25.6756518247 R17.687, 
t1554283286.54 U25.2028 I2.91 T_a17.75 T_p25.5415567138 R17.75, 
t1554283296.56 U25.1986 I2.7904 T_a17.75 T_p25.6532946604 R17.75, 
t1554283306.58 U25.1975 I2.6672 T_a17.812 T_p25.5750655967 R17.812, 
t1554283316.6 U25.1986 I2.5582 T_a17.812 T_p25.48017972 R17.812, 
t1554283326.62 U25.2007 I2.4456 T_a17.812 T_p25.4076477388 R17.812, 
t1554283336.64 U25.2028 I2.3435 T_a17.875 T_p25.4578464279 R17.875, 
t1554283346.65 U25.2007 I2.2415 T_a17.875 T_p25.4578434925 R17.875, 
t1554283356.67 U25.1912 I2.1605 T_a17.937 T_p25.5639018769 R17.937, 
t1554283366.69 U25.1944 I2.062 T_a17.937 T_p25.4299634367 R17.937, 
t1554283376.71 U25.1996 I1.9705 T_a17.937 T_p25.3574752475 R17.937, 
t1554283386.73 U25.1922 I1.8966 T_a18.0 T_p25.390922615 R18.0, 
t1554283396.75 U25.1944 I1.8192 T_a18.0 T_p25.4857469211 R18.0, 
t1554283406.77 U25.1975 I1.7383 T_a18.0 T_p25.3909284122 R18.0, 
t1554283416.79 U25.188 I1.6714 T_a18.062 T_p25.35189924 R18.062, 
t1554283426.81 U25.1954 I1.6081 T_a18.062 T_p25.3797677015 R18.062, 
t1554283436.84 U25.1891 I1.5272 T_a18.062 T_p25.4355394626 R18.062, 
t1554283446.86 U25.1975 I1.4779 T_a18.125 T_p25.4132324789 R18.125, 
t1554283456.88 U25.1922 I1.411 T_a18.125 T_p25.3964986225 R18.125, 
t1554283466.9 U25.1922 I1.3547 T_a18.125 T_p25.390922615 R18.125, 
t1554283476.92 U25.1965 I1.309 T_a18.187 T_p25.1458832957 R18.187, 
t1554283486.94 U25.1975 I1.2492 T_a18.187 T_p25.2683285099 R18.187, 
t1554283513.82 U25.1912 I1.2175 T_a18.25 T_p25.1903910245 R18.25, 
t1554283523.85 U25.1986 I1.1753 T_a18.25 T_p25.2739016188 R18.25, 
t1554283533.86 U25.1975 I1.119 T_a18.25 T_p25.2070902815 R18.25, 
t1554283543.88 U25.1996 I1.0767 T_a18.25 T_p25.1180775761 R18.25, 
t1554283553.9 U25.1944 I1.031 T_a18.312 T_p25.1514393431 R18.312, 
t1554283563.92 U25.1954 I0.9993 T_a18.375 T_p25.1681300877 R18.375, 
t1554283573.94 U25.1975 I0.9606 T_a18.312 T_p25.0402501499 R18.312, 
t1554283583.96 U25.1965 I0.9254 T_a18.375 T_p25.1903995369 R18.375, 
t1554283593.98 U25.1954 I0.9008 T_a18.375 T_p25.0069023454 R18.375, 
t1554283604.0 U25.1986 I0.8727 T_a18.437 T_p25.0791541112 R18.437, 
t1554283614.01 U25.1975 I0.8375 T_a18.437 T_p25.1013981144 R18.437, 
t1554284251.65 U24.0001 I-0.1654 T_a19.25 T_p30.3962976414 R19.25, 
t1554284261.67 U24.6136 I8.4064 T_a19.312 T_p30.9296457177 R19.312, 
t1554284271.69 U24.7572 I8.4099 T_a19.375 T_p31.3292634068 R19.375, 
t1554284281.71 U24.7963 I8.4099 T_a19.375 T_p31.4969459636 R19.375, 
t1554284291.73 U24.8755 I8.4099 T_a19.437 T_p31.6650191384 R19.437, 
t1554284301.75 U24.9409 I8.4134 T_a19.5 T_p31.7913577148 R19.5, 
t1554284311.77 U24.9906 I8.4029 T_a19.562 T_p31.8214522503 R19.562, 
t1554284321.79 U25.0222 I8.4099 T_a19.562 T_p31.9058393299 R19.562, 
t1554284331.81 U25.0518 I8.4064 T_a19.625 T_p31.7191328079 R19.625, 
t1554284341.83 U25.0972 I8.4029 T_a19.687 T_p31.7492116172 R19.687, 
t1554284351.85 U25.1215 I8.4029 T_a19.687 T_p31.8154291362 R19.687, 
t1554284361.87 U25.1342 I8.4134 T_a19.75 T_p31.8274700805 R19.75, 
t1554284371.89 U25.1606 I8.4169 T_a19.812 T_p31.7492011498 R19.812, 
t1554284381.91 U25.1405 I8.4134 T_a19.812 T_p31.7492011498 R19.812, 
t1554284391.93 U25.1806 I8.424 T_a19.875 T_p31.7552242388 R19.875, 
t1554284401.95 U25.1922 I8.4592 T_a19.875 T_p31.7853240832 R19.875, 
t1554284411.97 U25.1986 I8.1671 T_a19.937 T_p31.7732778299 R19.937, 
t1554284421.99 U25.188 I7.8891 T_a20.0 T_p31.7492011498 R20.0, 
t1554284432.01 U25.187 I7.6463 T_a20.0 T_p31.8998003137 R20.0, 
t1554284442.03 U25.1912 I7.4317 T_a20.062 T_p31.8033776241 R20.062, 
t1554284452.05 U25.188 I7.21 T_a20.062 T_p31.8033776241 R20.062, 
t1554284462.07 U25.2017 I7.0129 T_a20.062 T_p31.7732830887 R20.062, 
t1554284472.09 U25.187 I6.7772 T_a20.125 T_p31.6650243472 R20.125, 
t1554284482.11 U25.2039 I6.6048 T_a20.125 T_p31.6890644162 R20.125, 
t1554284492.13 U25.1944 I6.4042 T_a20.187 T_p31.7131201614 R20.187, 
t1554284502.15 U25.1912 I6.186 T_a20.187 T_p31.7251401958 R20.187, 
t1554284512.16 U25.1922 I6.0242 T_a20.25 T_p31.7070970972 R20.25, 
t1554284522.18 U25.1901 I5.8482 T_a20.25 T_p31.7371811653 R20.25, 
t1554284532.2 U25.1922 I5.6617 T_a20.312 T_p31.7311685436 R20.312, 
t1554284542.21 U25.1975 I5.4858 T_a20.375 T_p31.7431832944 R20.375, 
t1554284552.23 U25.1954 I5.3028 T_a20.437 T_p31.604955328 R20.437, 
t1554284562.24 U25.1954 I5.1515 T_a20.437 T_p31.8094007382 R20.437, 
t1554284572.26 U25.1891 I4.9685 T_a20.5 T_p31.7853240581 R20.5, 
t1554284582.28 U25.1891 I4.8102 T_a20.562 T_p31.6770339642 R20.562, 
t1554284592.3 U25.1954 I4.6483 T_a20.562 T_p31.6770339642 R20.562, 
t1554284602.32 U25.1891 I4.5005 T_a20.625 T_p31.5689418551 R20.625, 
t1554284612.34 U25.2007 I4.3668 T_a20.625 T_p31.5989271546 R20.625, 
t1554284622.36 U25.1975 I4.1979 T_a20.687 T_p31.5629137809 R20.687, 
t1554284632.38 U25.1922 I4.0536 T_a20.687 T_p31.5869330398 R20.687, 
t1554284642.4 U25.1901 I3.9164 T_a20.75 T_p31.5629137809 R20.75, 
t1554284652.42 U25.1827 I3.7827 T_a20.75 T_p31.4969561832 R20.75, 
t1554284662.44 U25.187 I3.6384 T_a20.812 T_p31.5089246752 R20.812, 
t1554284672.46 U25.1912 I3.5188 T_a20.812 T_p31.4130485011 R20.812, 
t1554284682.48 U25.1986 I3.3921 T_a20.812 T_p31.4130536109 R20.812, 
t1554284692.5 U25.1901 I3.276 T_a20.875 T_p31.4909334658 R20.875, 
t1554284702.52 U25.1838 I3.1528 T_a20.875 T_p31.5929352935 R20.875, 
t1554284712.54 U25.2028 I3.0367 T_a20.75 T_p31.4609686545 R20.75, 
t1554284722.56 U25.1922 I2.9136 T_a20.687 T_p31.4909694563 R20.687, 
t1554284732.58 U25.1965 I2.815 T_a20.5 T_p31.5269210438 R20.5, 
t1554284742.6 U25.1975 I2.7024 T_a20.437 T_p31.3472086518 R20.437, 
t1554284752.62 U25.1912 I2.6004 T_a20.312 T_p31.3352400861 R20.312, 
t1554284762.65 U25.188 I2.4948 T_a20.25 T_p31.2276547005 R20.25, 
t1554284772.67 U25.2007 I2.4068 T_a20.187 T_p31.3292684922 R20.187, 
t1554284782.69 U25.1954 I2.3154 T_a20.062 T_p31.4370060229 R20.062, 
t1554284792.71 U25.1996 I2.2274 T_a20.0 T_p31.4010799354 R20.0, 
t1554284802.72 U25.1986 I2.1394 T_a19.937 T_p31.2575179508 R19.937, 
t1554284812.74 U25.1996 I2.055 T_a19.875 T_p31.1739299406 R19.875, 
t1554284822.76 U25.2039 I1.9881 T_a19.812 T_p31.1441067403 R19.812, 
t1554284832.78 U25.1954 I1.9072 T_a19.812 T_p31.1261868481 R19.812, 
t1554284842.81 U25.2049 I1.8333 T_a19.75 T_p31.1261968243 R19.75, 
t1554284852.82 U25.1986 I1.7524 T_a19.687 T_p31.0367870085 R19.687, 
t1554284862.84 U25.2028 I1.6961 T_a19.625 T_p31.1321534786 R19.625, 
t1554284872.86 U25.1975 I1.6257 T_a19.625 T_p31.1202301939 R19.625, 
t1554284882.88 U25.1986 I1.5623 T_a19.562 T_p31.1739399168 R19.562, 
t1554284892.9 U25.2028 I1.5025 T_a19.5 T_p31.0725320427 R19.5, 
t1554284902.92 U25.1996 I1.4427 T_a19.5 T_p31.0427436629 R19.5, 
t1554284912.94 U25.1965 I1.3934 T_a19.437 T_p30.9594093497 R19.437, 
t1554284922.96 U25.206 I1.3477 T_a19.375 T_p30.9415393624 R19.375, 
t1554284932.98 U25.1912 I1.2808 T_a19.375 T_p30.8583082628 R19.375, 
t1554284943.0 U25.1975 I1.2351 T_a19.312 T_p30.983211483 R19.312, 
t1554284953.02 U25.2017 I1.1999 T_a19.25 T_p30.9474861848 R19.25, 
t1554284963.04 U25.1954 I1.1471 T_a19.25 T_p31.0248736277 R19.25, 
t1554284973.06 U25.1996 I1.1049 T_a19.187 T_p30.8642502168 R19.187, 
t1554284983.08 U25.1912 I1.0732 T_a19.187 T_p30.9712980544 R19.187, 
t1554284993.1 U25.1954 I1.0275 T_a19.125 T_p30.8048503649 R19.125, 
t1554302339.86 U15.9529 I-0.0739 T_a30.875 T_p68.1510110388 R30.875, 
t1554302349.88 U17.2105 I8.4099 T_a31.0 T_p68.067763719 R31.0, 
t1554302359.9 U17.5642 I8.4099 T_a31.062 T_p67.8328569592 R31.062, 
t1554302369.91 U17.7997 I8.4029 T_a31.125 T_p67.6405932842 R31.125, 
t1554302379.93 U17.993 I8.4029 T_a31.25 T_p67.6405932842 R31.25, 
t1554302389.94 U18.1756 I8.4099 T_a31.312 T_p67.531098931 R31.312, 
t1554302399.96 U18.3298 I8.4134 T_a31.375 T_p67.5311502677 R31.375, 
t1554302409.98 U18.4755 I8.4064 T_a31.5 T_p67.3132396513 R31.5, 
t1554302420.0 U18.6413 I8.4064 T_a31.562 T_p67.2454322131 R31.562, 
t1554302430.02 U18.7817 I8.4099 T_a31.687 T_p67.0562366893 R31.687, 
t1554302440.04 U18.8937 I8.4099 T_a31.75 T_p67.0697076356 R31.75, 
t1554302450.06 U19.0109 I8.4029 T_a31.812 T_p66.9082547944 R31.812, 
t1554302460.08 U19.0974 I8.4169 T_a31.875 T_p66.7876114428 R31.875, 
t1554302470.1 U19.1861 I8.4134 T_a31.937 T_p66.667362013 R31.937, 
t1554302480.12 U19.3202 I8.4099 T_a32.062 T_p66.667362013 R32.062, 
t1554302490.14 U19.3963 I8.4169 T_a32.125 T_p66.6806849459 R32.125, 
t1554302500.16 U19.4396 I8.4099 T_a32.187 T_p66.494357772 R32.187, 
t1554302510.18 U19.5357 I8.4099 T_a32.25 T_p66.4412603093 R32.25, 
t1554302520.19 U19.6328 I8.4205 T_a32.375 T_p66.2957719912 R32.375, 
t1554302530.21 U19.6888 I8.4134 T_a32.437 T_p66.1508570862 R32.437, 
t1554302540.23 U19.7785 I8.4064 T_a32.5 T_p66.1245478075 R32.5, 
t1554302550.25 U19.8387 I8.4205 T_a32.562 T_p66.0195946309 R32.562, 
t1554302560.27 U19.9063 I8.4169 T_a32.625 T_p65.8235702885 R32.625, 
t1554302570.29 U19.9401 I8.4029 T_a32.687 T_p65.7974960473 R32.687, 
t1554302580.31 U19.9918 I8.4169 T_a32.812 T_p65.8496445296 R32.812, 
t1554302590.33 U20.0436 I8.4064 T_a32.875 T_p65.5767904116 R32.875, 
t1554302600.35 U20.0995 I8.4099 T_a32.937 T_p65.537956143 R32.937, 
t1554302610.37 U20.146 I8.4029 T_a33.0 T_p65.4862684279 R33.0, 
t1554302620.39 U20.1618 I8.4134 T_a33.125 T_p65.5120666306 R33.125, 
t1554302630.41 U20.2136 I8.4064 T_a33.187 T_p65.3188066525 R33.187, 
t1554302640.43 U20.259 I8.4064 T_a33.25 T_p65.2418187917 R33.25, 
t1554302650.45 U20.2949 I8.4064 T_a33.375 T_p65.2674364464 R33.375, 
t1554302660.47 U20.3403 I8.4064 T_a33.437 T_p65.1010102657 R33.437, 
t1554302670.49 U20.3551 I8.4099 T_a33.5 T_p65.0498642093 R33.5, 
t1554302680.51 U20.3836 I8.4099 T_a33.625 T_p65.1136852136 R33.625, 
t1554302690.53 U20.3983 I8.4134 T_a33.687 T_p64.9352078567 R33.687, 
t1554302700.55 U20.4247 I8.4064 T_a33.75 T_p64.8844161353 R33.75, 
t1554302710.57 U20.4543 I8.4099 T_a33.812 T_p64.8462564058 R33.812, 
t1554302720.59 U20.468 I8.4134 T_a33.937 T_p64.9861760781 R33.937, 
t1554302730.61 U20.5061 I8.4099 T_a34.0 T_p64.7448924299 R34.0, 
t1554302740.63 U20.5166 I8.4099 T_a34.062 T_p64.7702007009 R34.062, 
t1554302750.65 U20.5061 I8.4099 T_a34.125 T_p64.7322601097 R34.125, 
t1554302760.67 U20.5504 I8.4064 T_a34.25 T_p64.6312012232 R34.25, 
t1554302770.69 U20.5842 I8.4169 T_a34.312 T_p64.7069518387 R34.312, 
t1554302780.71 U20.6032 I8.4099 T_a34.375 T_p64.6438335433 R34.375, 
t1554302790.73 U20.5852 I8.4134 T_a34.437 T_p64.5430344941 R34.437, 
t1554302800.75 U20.6233 I8.4169 T_a34.5 T_p64.6059365828 R34.5, 
t1554302810.77 U20.6211 I8.4099 T_a34.562 T_p64.5807585537 R34.562, 
t1554302820.79 U20.6402 I8.4134 T_a34.687 T_p64.54299151 R34.687, 
t1554302830.81 U20.6592 I8.4169 T_a34.75 T_p64.4173592691 R34.75, 
t1554302840.82 U20.694 I8.4134 T_a34.812 T_p64.5681695391 R34.812, 
t1554302850.84 U20.7003 I8.4169 T_a34.875 T_p64.3171616891 R34.875, 
t1554302860.86 U20.7341 I8.4134 T_a35.0 T_p64.3672178132 R35.0, 
t1554302870.88 U20.7331 I8.4169 T_a35.062 T_p64.44245133 R35.062, 
t1554302880.89 U20.77 I8.4169 T_a35.125 T_p64.3797211777 R35.125, 
t1554302890.91 U20.7774 I8.4134 T_a35.187 T_p64.3297077196 R35.187, 
t1554302900.93 U20.8038 I8.4169 T_a35.25 T_p64.3046583246 R35.25, 
t1554302910.95 U20.8429 I8.4169 T_a35.312 T_p64.29215496 R35.312, 
t1554302920.97 U20.8513 I8.4064 T_a35.375 T_p64.1300344197 R35.375, 
t1554302930.99 U20.8577 I8.4029 T_a35.437 T_p64.1424954332 R35.437, 
t1554302941.01 U20.8841 I8.4134 T_a35.5 T_p64.2173041769 R35.5, 
t1554302951.03 U20.9073 I8.4029 T_a35.625 T_p64.1424533938 R35.625, 
t1554302961.05 U20.9157 I8.4099 T_a35.687 T_p64.0554364965 R35.687, 
t1554302971.07 U20.9348 I8.4099 T_a35.75 T_p63.9809643833 R35.75, 
t1554302981.09 U20.9538 I8.4029 T_a35.812 T_p64.1673754208 R35.812, 
t1554302991.11 U20.9759 I8.4134 T_a35.875 T_p64.1176574851 R35.875, 
t1554303001.13 U20.9685 I8.4169 T_a35.937 T_p63.9686288714 R35.937, 
t1554303011.15 U20.9897 I8.4029 T_a36.0 T_p64.1051544322 R36.0, 
t1554303021.17 U21.0076 I8.4134 T_a36.062 T_p64.0058023314 R36.062, 
t1554303031.19 U21.0235 I8.4169 T_a36.125 T_p63.8696520485 R36.125, 
t1554303041.21 U21.0509 I8.4134 T_a36.187 T_p63.9067009255 R36.187, 
t1554303051.23 U21.0657 I8.424 T_a36.25 T_p63.8572333796 R36.25, 
t1554303061.25 U21.09 I8.4134 T_a36.312 T_p63.8819878655 R36.312, 
t1554303071.26 U21.0974 I8.4064 T_a36.375 T_p63.733957457 R36.375, 
t1554303081.27 U21.1195 I8.4169 T_a36.375 T_p63.6970322537 R36.375, 
t1554303091.29 U21.1248 I8.4099 T_a36.437 T_p63.7585879672 R36.437, 
t1554303101.31 U21.1195 I8.4169 T_a36.5 T_p63.8202259285 R36.5, 
t1554303111.33 U21.1375 I8.4134 T_a36.562 T_p63.8078901115 R36.562, 
t1554303121.35 U21.1481 I8.4205 T_a36.625 T_p63.7339163331 R36.625, 
t1554303131.37 U21.1618 I8.4134 T_a36.687 T_p63.6724428674 R36.687, 
t1554303141.39 U21.1734 I8.4064 T_a36.75 T_p63.7709237842 R36.75, 
t1554303151.41 U21.1734 I8.4099 T_a36.75 T_p63.5987971834 R36.75, 
t1554303161.43 U21.1882 I8.4134 T_a36.812 T_p63.5007659421 R36.812, 
t1554303171.45 U21.1892 I8.4169 T_a36.875 T_p63.5252736785 R36.875, 
t1554303181.47 U21.2061 I8.4064 T_a36.937 T_p63.4519122929 R36.937, 
t1554303191.49 U21.2082 I8.4099 T_a37.0 T_p63.6355996129 R37.0, 
t1554303201.51 U21.2294 I8.4029 T_a37.062 T_p63.4274453785 R37.062, 
t1554303211.53 U21.2241 I8.4169 T_a37.062 T_p63.3542860527 R37.062, 
t1554303221.55 U21.2568 I8.4134 T_a37.125 T_p63.2933803022 R37.125, 
t1554303231.57 U21.2727 I8.4169 T_a37.187 T_p63.4763392639 R37.187, 
t1554303241.59 U21.279 I8.4099 T_a37.25 T_p63.4763392639 R37.25, 
t1554303251.61 U21.2885 I8.4099 T_a37.25 T_p63.3664591555 R37.25, 
t1554303261.63 U21.299 I8.4099 T_a37.312 T_p63.2447677836 R37.312, 
t1554303271.65 U21.3117 I8.4134 T_a37.375 T_p63.1597957419 R37.375, 
t1554303281.67 U21.3043 I8.4134 T_a37.437 T_p63.1841020012 R37.437, 
t1554303291.69 U21.3191 I8.4099 T_a37.437 T_p63.1477022449 R37.437, 
t1554303301.71 U21.3191 I8.4134 T_a37.5 T_p63.2569408865 R37.5, 
t1554303311.73 U21.3381 I8.4134 T_a37.562 T_p63.2205014707 R37.562, 
t1554303321.75 U21.336 I8.4064 T_a37.625 T_p63.2083283678 R37.625, 
t1554303331.77 U21.3508 I8.4134 T_a37.625 T_p63.1597957419 R37.625, 
t1554303341.79 U21.3582 I8.4134 T_a37.687 T_p62.9904862153 R37.687, 
t1554303351.81 U21.3751 I8.4134 T_a37.75 T_p63.026727331 R37.75, 
t1554303361.83 U21.3804 I8.4099 T_a37.812 T_p62.966377972 R37.812, 
t1554303371.85 U21.4004 I8.4134 T_a37.812 T_p62.8340171991 R37.812, 
t1554303381.87 U21.4099 I8.4169 T_a37.875 T_p62.8339781049 R37.875, 
t1554303391.89 U21.4226 I8.4169 T_a37.875 T_p62.8339781049 R37.875, 
t1554303401.91 U21.4247 I8.4099 T_a37.937 T_p62.7619267562 R37.937, 
t1554303411.93 U21.4279 I8.4134 T_a38.0 T_p62.654140852 R38.0, 
t1554303421.95 U21.4437 I8.4169 T_a38.0 T_p62.690108027 R38.0, 
t1554303431.97 U21.4511 I8.4064 T_a38.062 T_p62.6183278381 R38.062, 
t1554303441.99 U21.4701 I8.4134 T_a38.125 T_p62.737974333 R38.125, 
t1554303452.01 U21.4775 I8.4205 T_a38.125 T_p62.7259981215 R38.125, 
t1554303462.03 U21.4786 I8.4134 T_a38.187 T_p62.6541793923 R38.187, 
t1554303472.05 U21.4954 I8.4099 T_a38.25 T_p62.570577153 R38.25, 
t1554303482.07 U21.5145 I8.4169 T_a38.25 T_p62.4396449032 R38.25, 
t1554303492.09 U21.5113 I8.4134 T_a38.312 T_p62.4634057135 R38.312, 
t1554303502.11 U21.5335 I8.4134 T_a38.312 T_p62.5228647353 R38.312, 
t1554369255.39 U25.1975 I8.2164 T_a15.437 T_p18.8268836998 R15.437, 
t1554369265.41 U25.1954 I8.0932 T_a15.437 T_p18.8322406841 R15.437, 
t1554369275.42 U25.188 I7.9525 T_a15.437 T_p18.9018104207 R15.437, 
t1554369285.44 U25.1996 I7.861 T_a15.5 T_p18.8108290462 R15.5, 
t1554369295.46 U25.1838 I7.7906 T_a15.5 T_p18.9339232124 R15.5, 
t1554369305.48 U25.188 I7.7097 T_a15.5 T_p18.8857591865 R15.5, 
t1554369317.14 U24.6579 I-0.1689 T_a15.5 T_p18.8750511613 R15.5, 
t1554369327.16 U25.1859 I8.4064 T_a15.5 T_p18.869694975 R15.5, 
t1554369337.18 U25.187 I8.0052 T_a15.5 T_p18.9125158732 R15.5, 
t1554369347.2 U25.1827 I7.7343 T_a15.562 T_p18.9553385787 R15.562, 
t1554369357.22 U25.1901 I7.5408 T_a15.562 T_p19.051715656 R15.562, 
t1554369367.24 U25.1965 I7.3578 T_a15.562 T_p19.2177578809 R15.562, 
t1554369377.26 U25.1922 I7.2909 T_a15.562 T_p19.2123965989 R15.562, 
t1554369387.28 U25.1838 I7.1994 T_a15.562 T_p19.1588335493 R15.562, 
t1554369397.29 U25.1975 I7.1326 T_a15.562 T_p19.2391902448 R15.562, 
t1554369407.31 U25.2039 I7.0728 T_a15.625 T_p19.201685757 R15.625, 
t1554369417.33 U25.1838 I6.9883 T_a15.625 T_p19.3785422069 R15.625, 
t1554369427.35 U25.1901 I6.9461 T_a15.625 T_p19.4857769303 R15.625, 
t1554369437.37 U25.1901 I6.8687 T_a15.625 T_p19.4321486445 R15.625, 
t1554369447.39 U25.1849 I6.8335 T_a15.625 T_p19.3249346297 R15.625, 
t1554369457.41 U25.2017 I6.7631 T_a15.687 T_p19.5608762948 R15.687, 
t1554369467.43 U25.1827 I6.7314 T_a15.687 T_p19.6306165753 R15.687, 
t1554369477.45 U25.1827 I6.6857 T_a15.687 T_p19.4428818231 R15.687, 
t1554369487.47 U25.1996 I6.6188 T_a15.687 T_p19.464329393 R15.687, 
t1554369497.49 U25.1944 I6.5731 T_a15.687 T_p19.603786217 R15.687, 
t1554369507.51 U25.1986 I6.5238 T_a15.687 T_p19.7594320106 R15.687, 
t1554369517.53 U25.2017 I6.4746 T_a15.75 T_p19.7379605572 R15.75, 
t1554369527.55 U25.1827 I6.4253 T_a15.75 T_p19.6681749024 R15.75, 
t1554369537.57 U25.1922 I6.4077 T_a15.75 T_p19.6842806944 R15.75, 
t1554369547.59 U25.1954 I6.3268 T_a15.75 T_p19.7325824734 R15.75, 
t1554369557.61 U25.1954 I6.3092 T_a15.812 T_p19.7486860512 R15.812, 
t1554369567.63 U25.1975 I6.2564 T_a15.812 T_p19.8345946747 R15.812, 
t1554369577.65 U25.1891 I6.2318 T_a15.812 T_p19.7594343389 R15.812, 
t1554369587.66 U25.1891 I6.1755 T_a15.812 T_p19.8399648296 R15.812, 
t1554369597.68 U25.1912 I6.1297 T_a15.875 T_p19.802380681 R15.875, 
t1554369607.7 U25.1901 I6.0981 T_a15.875 T_p19.8936746014 R15.875, 
t1554369617.72 U25.1891 I6.0629 T_a15.875 T_p19.8721916044 R15.875, 
t1554369627.74 U25.1891 I6.0171 T_a15.875 T_p20.1086300775 R15.875, 
t1554369637.76 U25.1922 I5.989 T_a15.937 T_p20.0656230993 R15.937, 
t1554369647.78 U25.1838 I5.9432 T_a15.937 T_p19.9957536889 R15.937, 
t1554369657.8 U25.1891 I5.894 T_a15.937 T_p20.0064999255 R15.937, 
t1554369667.82 U25.1986 I5.8729 T_a15.937 T_p20.2376975384 R15.937, 
t1554369677.83 U25.1933 I5.8271 T_a16.0 T_p20.2484562327 R16.0, 
t1554369687.85 U25.188 I5.7778 T_a16.0 T_p20.2161852963 R16.0, 
t1554369697.87 U25.1986 I5.7427 T_a16.0 T_p20.2108001593 R16.0, 
t1554369707.89 U25.1922 I5.7039 T_a16.0 T_p20.0925052677 R16.0, 
t1554369717.92 U25.1912 I5.6652 T_a16.062 T_p20.2269439907 R16.062, 
t1554369727.94 U25.1954 I5.6406 T_a16.062 T_p20.3345518145 R16.062, 
t1554369737.96 U25.1975 I5.616 T_a16.062 T_p20.3614636412 R16.062, 
t1554369747.98 U25.1965 I5.5562 T_a16.062 T_p20.3022574732 R16.062, 
t1554369758.0 U25.1954 I5.535 T_a16.125 T_p20.1785355743 R16.125, 
t1554369768.02 U25.1954 I5.4823 T_a16.125 T_p20.4745160394 R16.125, 
t1554369778.04 U25.1933 I5.433 T_a16.125 T_p20.4099005436 R16.125, 
t1554369788.06 U25.1901 I5.4119 T_a16.125 T_p20.2538414025 R16.125, 
t1554369798.08 U25.1996 I5.3732 T_a16.125 T_p20.5122227405 R16.125, 
t1554369808.1 U25.1891 I5.3345 T_a16.187 T_p20.4960600285 R16.187, 
t1554369818.12 U25.1944 I5.2887 T_a16.187 T_p20.4745133351 R16.187, 
t1554369828.14 U25.1933 I5.2606 T_a16.187 T_p20.4099045345 R16.187, 
t1554369838.16 U25.1944 I5.2148 T_a16.187 T_p20.5499198782 R16.187, 
t1554369848.18 U25.1891 I5.1902 T_a16.25 T_p20.4260577651 R16.25, 
t1554369858.2 U25.1849 I5.1304 T_a16.25 T_p20.5553093338 R16.25, 
t1554369868.21 U25.1891 I5.1022 T_a16.25 T_p20.5229947104 R16.25, 
t1554369878.23 U25.188 I5.067 T_a16.25 T_p20.512226846 R16.25, 
t1554369888.25 U25.2007 I5.0354 T_a16.25 T_p20.5445345939 R16.25, 
t1554369936.5 U24.7414 I-0.1795 T_a16.312 T_p20.5176053369 R16.312, 
t1554369946.52 U25.1849 I6.4464 T_a16.375 T_p20.5499309249 R16.375, 
t1554369956.54 U25.1944 I5.8869 T_a16.375 T_p20.6738606373 R16.375, 
t1554369966.56 U25.1975 I5.521 T_a16.375 T_p20.5607029276 R16.375, 
t1554369976.58 U25.1954 I5.3028 T_a16.375 T_p20.6469105243 R16.375, 
t1554369986.6 U25.1891 I5.1409 T_a16.437 T_p20.7655257096 R16.437, 
t1554369996.62 U25.1975 I4.9967 T_a16.437 T_p20.7978854392 R16.437, 
t1554370006.64 U25.188 I4.8946 T_a16.437 T_p20.636137235 R16.437, 
t1554370016.66 U25.1996 I4.8172 T_a16.437 T_p20.7331617103 R16.437, 
t1554370026.68 U25.1922 I4.7468 T_a16.5 T_p20.7223770954 R16.5, 
t1554370036.7 U25.1996 I4.6624 T_a16.5 T_p20.8949908876 R16.5, 
t1554370046.72 U25.1954 I4.6237 T_a16.5 T_p20.6792529284 R16.5, 
t1554370056.74 U25.2028 I4.5603 T_a16.5 T_p20.7763016371 R16.5, 
t1554370066.76 U25.1901 I4.5076 T_a16.5 T_p20.9327649311 R16.5, 
t1554370076.79 U25.2017 I4.4583 T_a16.562 T_p20.9543578156 R16.562, 
t1554370086.81 U25.1954 I4.4301 T_a16.562 T_p20.9057754037 R16.562, 
t1554370096.83 U25.2007 I4.3668 T_a16.562 T_p20.7978839721 R16.562, 
t1554370106.85 U25.1944 I4.3457 T_a16.562 T_p20.9003846622 R16.562, 
t1554370116.87 U25.2007 I4.2648 T_a16.625 T_p20.9975450682 R16.625, 
t1554370126.89 U25.1986 I4.2472 T_a16.625 T_p21.0083445188 R16.625, 
t1554370136.91 U25.1901 I4.2155 T_a16.625 T_p20.9003890964 R16.625, 
t1554370146.93 U25.2007 I4.1698 T_a16.625 T_p20.8464278773 R16.625, 
t1554370156.95 U25.1944 I4.1557 T_a16.625 T_p20.8680087945 R16.625, 
t1554370166.97 U25.188 I4.0959 T_a16.625 T_p20.9813443594 R16.625, 
t1554370176.99 U25.1901 I4.0501 T_a16.687 T_p21.0785549096 R16.687, 
t1554370187.01 U25.1891 I4.0149 T_a16.687 T_p20.9219715136 R16.687, 
t1554370197.03 U25.1849 I3.9657 T_a16.687 T_p21.0623403046 R16.687, 
t1554370207.05 U25.1922 I3.9481 T_a16.687 T_p21.0407368044 R16.687, 
t1554370217.07 U25.1922 I3.8918 T_a16.687 T_p21.1271709323 R16.687, 
t1554370227.09 U25.1912 I3.8671 T_a16.75 T_p21.1974106485 R16.75, 
t1554370237.11 U25.188 I3.8284 T_a16.75 T_p21.0731505688 R16.75, 
t1554370247.13 U25.187 I3.7827 T_a16.75 T_p21.1217588108 R16.75, 
t1554370257.15 U25.1975 I3.7545 T_a16.75 T_p21.1379812956 R16.75, 
t1554370267.17 U25.1986 I3.7088 T_a16.75 T_p21.0785471785 R16.75, 
t1554370277.19 U25.1922 I3.6701 T_a16.812 T_p21.1812022581 R16.812, 
t1554370287.21 U25.1944 I3.6208 T_a16.812 T_p21.1055534865 R16.812, 
t1554370297.23 U25.1954 I3.6032 T_a16.812 T_p21.0191424693 R16.812, 
t1554370307.25 U25.1901 I3.561 T_a16.812 T_p21.0893466125 R16.812, 
t1554370317.27 U25.2007 I3.5117 T_a16.812 T_p21.1811975269 R16.812, 
t1554370327.29 U25.1901 I3.4977 T_a16.875 T_p21.1866019008 R16.875, 
t1554370337.31 U25.1996 I3.4449 T_a16.875 T_p21.040741387 R16.875, 
t1554370347.33 U25.1954 I3.4308 T_a16.875 T_p21.2622869559 R16.875, 
t1554370357.35 U25.1901 I3.3886 T_a16.875 T_p21.2947307232 R16.875, 
t1554370367.37 U25.1944 I3.3499 T_a16.875 T_p21.2136269351 R16.875, 
t1554370377.39 U25.1933 I3.2971 T_a16.937 T_p21.2514734605 R16.937, 
t1554370387.41 U25.1922 I3.2865 T_a16.937 T_p21.1109671409 R16.937, 
t1554370397.43 U25.1912 I3.2478 T_a16.937 T_p21.148775982 R16.937, 
t1554370407.45 U25.187 I3.2091 T_a16.937 T_p21.2406567338 R16.937, 
t1554370417.47 U25.1933 I3.1528 T_a16.937 T_p21.1109609593 R16.937, 
t1554370427.49 U25.1975 I3.1317 T_a16.937 T_p21.181199093 R16.937, 
t1554370437.51 U25.1849 I3.086 T_a17.0 T_p21.3271825522 R17.0, 
t1554370447.53 U25.1891 I3.0578 T_a17.0 T_p21.1109609759 R17.0, 
t1554370457.55 U25.188 I3.0437 T_a17.0 T_p21.3217766621 R17.0, 
t1554370467.57 U25.1965 I2.991 T_a17.0 T_p21.1703981755 R17.0, 
t1554370477.59 U25.1922 I2.9523 T_a17.0 T_p21.1974137971 R17.0, 
t1554370487.61 U25.2017 I2.9347 T_a17.062 T_p21.3163739205 R17.062, 
t1554370497.63 U25.2017 I2.8854 T_a17.062 T_p21.2622821586 R17.062, 
t1554370507.65 U25.1944 I2.8502 T_a17.062 T_p21.1595910269 R17.062, 
t1554370517.67 U25.1954 I2.7904 T_a17.062 T_p21.1866113466 R17.062, 
t1554370527.69 U25.1954 I2.7869 T_a17.062 T_p21.3596343979 R17.062, 
t1554370537.71 U25.1965 I2.7482 T_a17.062 T_p21.4029143298 R17.062, 
t1554370547.73 U25.1922 I2.713 T_a17.062 T_p21.3975035097 R17.062, 
t1554370557.75 U25.1965 I2.6813 T_a18.187 T_p21.3163561314 R18.187, 
t1554370567.77 U25.1975 I2.6461 T_a23.25 T_p21.4353841136 R23.25, 
t1554370577.79 U25.1933 I2.618 T_a30.75 T_p21.5978197691 R30.75, 
t1554370587.81 U25.1954 I2.6004 T_a38.5 T_p21.6249038807 R38.5, 
t1554370597.83 U25.1965 I2.5828 T_a40.25 T_p21.8851590744 R40.25, 
t1554370607.85 U25.1944 I2.5546 T_a39.625 T_p22.0752028429 R39.625, 
t1554370617.87 U25.1922 I2.5406 T_a38.75 T_p22.167576929 R38.75, 
t1554370627.89 U25.1933 I2.4878 T_a37.875 T_p22.010016901 R37.875, 
t1554370637.92 U25.2007 I2.4878 T_a37.125 T_p22.0534631292 R37.125, 
t1554370647.94 U25.1933 I2.4561 T_a36.312 T_p22.3252966302 R36.312, 
t1554370657.96 U25.2007 I2.4456 T_a35.812 T_p22.3579491073 R35.812, 
t1554370667.98 U25.2017 I2.3928 T_a35.312 T_p22.2491363857 R35.312, 
t1554370678.0 U25.1944 I2.3752 T_a34.937 T_p22.2273872253 R34.937, 
t1554370688.02 U25.1933 I2.3435 T_a34.625 T_p22.3035359887 R34.625, 
t1554370698.04 U25.2049 I2.3224 T_a34.312 T_p22.41237759 R34.312, 
t1554370708.06 U25.1954 I2.2942 T_a34.062 T_p22.3198497628 R34.062, 
t1554370718.08 U25.1933 I2.2696 T_a33.812 T_p22.4559395038 R33.812, 
t1554370728.12 U25.1996 I2.2379 T_a33.687 T_p22.4232675936 R33.687, 
t1554370738.13 U25.1965 I2.2098 T_a33.5 T_p22.4232636935 R33.5, 
t1554370748.15 U25.2007 I2.1887 T_a33.312 T_p22.4613904403 R33.312, 
t1554370758.17 U25.2039 I2.1535 T_a33.187 T_p22.5648925635 R33.187, 
t1554370768.19 U25.2049 I2.1359 T_a33.062 T_p22.619401963 R33.062, 
t1554370778.21 U25.1965 I2.1042 T_a32.937 T_p22.7066655956 R32.937, 
t1554370788.23 U25.1944 I2.069 T_a32.812 T_p22.7121123946 R32.812, 
t1554370798.25 U25.1986 I2.0479 T_a32.75 T_p22.7339344028 R32.75, 
t1554370808.27 U25.188 I2.0198 T_a32.625 T_p22.7503075772 R32.625, 
t1554370818.29 U25.1996 I1.9916 T_a32.562 T_p22.6521217408 R32.562, 
t1554370828.31 U25.1996 I1.9705 T_a32.437 T_p22.8321922897 R32.437, 
t1554370838.33 U25.1954 I1.9389 T_a32.375 T_p22.8048883469 R32.375, 
t1554370848.35 U25.1975 I1.9107 T_a32.25 T_p22.717573539 R32.25, 
t1554370858.37 U25.1912 I1.8861 T_a32.187 T_p22.8868106558 R32.187, 
t1554370868.39 U25.2017 I1.8579 T_a32.125 T_p22.8922529251 R32.125, 
t1554370878.41 U25.1975 I1.8368 T_a32.0 T_p22.903177419 R32.0, 
t1554370888.43 U25.2007 I1.8087 T_a31.937 T_p22.8704081261 R31.937, 
t1554370898.45 U25.1986 I1.7946 T_a31.875 T_p22.9359572094 R31.875, 
t1554370908.47 U25.1975 I1.7664 T_a31.812 T_p22.8321922726 R31.812, 
t1554370918.48 U25.1965 I1.7312 T_a31.75 T_p22.9632800614 R31.75, 
t1554370928.5 U25.2007 I1.7136 T_a31.687 T_p22.9960747088 R31.687, 
t1554370938.52 U25.1965 I1.6961 T_a31.625 T_p23.0015422643 R31.625, 
t1554370948.54 U25.1933 I1.6538 T_a31.5 T_p22.9906114276 R31.5, 
t1554370958.56 U25.1901 I1.6398 T_a31.437 T_p23.0398259755 R31.437, 
t1554370968.58 U25.1986 I1.6186 T_a31.375 T_p23.0124795124 R31.375, 
t1554370978.6 U25.1996 I1.5905 T_a31.312 T_p23.0890361463 R31.312, 
t1554370988.62 U25.2039 I1.5623 T_a31.25 T_p23.0781075495 R31.25, 
t1554370998.64 U25.1996 I1.5518 T_a31.187 T_p23.165642568 R31.187, 
t1554371008.66 U25.2007 I1.5342 T_a31.125 T_p23.083570745 R31.125, 
t1554371018.68 U25.2017 I1.499 T_a31.0 T_p23.0179406566 R31.0, 
t1554371028.7 U25.2039 I1.4814 T_a31.0 T_p23.0507502981 R31.0, 
t1554371038.72 U25.1996 I1.4533 T_a30.875 T_p23.007014094 R30.875, 
t1554371048.73 U25.2049 I1.4286 T_a30.812 T_p22.9906157189 R30.812, 
t1554371058.75 U25.1933 I1.4146 T_a30.75 T_p23.0507567437 R30.75, 
t1554371068.77 U25.188 I1.397 T_a30.687 T_p23.0835642652 R30.687, 
t1554371078.79 U25.1933 I1.3688 T_a30.625 T_p23.2094264229 R30.625, 
t1554371088.81 U25.1954 I1.3512 T_a30.562 T_p23.171105712 R30.562, 
t1554371098.83 U25.1996 I1.3231 T_a30.5 T_p23.0179470851 R30.5, 
t1554371108.85 U25.1859 I1.3125 T_a30.437 T_p23.0507524523 R30.437, 
t1554371118.87 U25.1922 I1.2879 T_a30.375 T_p23.1820538514 R30.375, 
t1554371128.89 U25.1933 I1.2808 T_a30.312 T_p23.056222162 R30.312, 
t1554371138.91 U25.1912 I1.2597 T_a30.25 T_p23.0781053609 R30.25, 
t1554371148.93 U25.1986 I1.2281 T_a30.187 T_p23.0835685908 R30.187, 
t1554371158.95 U25.187 I1.2175 T_a30.125 T_p23.0835750707 R30.125, 
t1554371168.97 U25.1954 I1.2105 T_a30.062 T_p23.2915906484 R30.062, 
t1554371178.99 U25.1859 I1.1893 T_a30.062 T_p23.2587040791 R30.062, 
t1554371189.01 U25.1933 I1.1823 T_a31.312 T_p23.313482395 R31.312, 
t1554371199.03 U25.1986 I1.1542 T_a34.062 T_p23.7140592147 R34.062, 
t1554371209.05 U25.2007 I1.1436 T_a35.25 T_p24.2482827432 R35.25, 
t1554371219.07 U25.1891 I1.1401 T_a35.812 T_p24.3090039012 R35.812, 
t1554371229.09 U25.1912 I1.1225 T_a36.062 T_p24.3753001909 R36.062, 
t1554371239.11 U25.1996 I1.1084 T_a36.25 T_p24.336619006 R36.25, 
t1554371249.13 U25.1922 I1.0943 T_a36.312 T_p24.3255811233 R36.312, 
t1554371259.15 U25.1965 I1.0873 T_a36.375 T_p24.2482802233 R36.375, 
t1554371269.17 U25.2017 I1.0838 T_a36.375 T_p24.4637417198 R36.375, 
t1554371279.18 U25.1975 I1.0592 T_a36.375 T_p24.5245865831 R36.375, 
t1554371289.2 U25.1933 I1.0416 T_a36.437 T_p24.6131273336 R36.437, 
t1554371299.22 U25.1922 I1.0451 T_a36.437 T_p24.6408181286 R36.437, 
t1554371309.24 U25.1975 I1.0204 T_a36.437 T_p24.6906652582 R36.437, 
t1554371319.26 U25.1933 I0.9993 T_a36.437 T_p24.7128323324 R36.437, 
t1554371329.28 U25.1954 I0.9958 T_a36.437 T_p24.5909921549 R36.437, 
t1554371339.3 U25.1922 I0.9817 T_a36.437 T_p24.7183640225 R36.437, 
t1554371349.32 U25.1954 I0.9677 T_a36.437 T_p24.8292559155 R36.437, 
t1554371359.34 U25.1954 I0.9501 T_a36.437 T_p24.8847398828 R36.437, 
t1554371369.36 U25.1954 I0.9325 T_a36.375 T_p24.9235912186 R36.375, 
t1554371379.38 U25.1965 I0.9254 T_a36.375 T_p24.9347061573 R36.375, 
t1554371389.4 U25.1944 I0.9149 T_a36.375 T_p24.9458100857 R36.375, 
t1554371399.42 U25.1965 I0.9078 T_a36.375 T_p25.0180173385 R36.375, 
t1554371409.44 U25.1965 I0.8867 T_a36.312 T_p24.8514527621 R36.312, 
t1554371419.46 U25.1996 I0.8797 T_a36.312 T_p24.9402457078 R36.312, 
t1554371429.48 U25.1922 I0.8656 T_a36.25 T_p24.9902368098 R36.25, 
t1554371439.5 U25.1965 I0.8445 T_a36.25 T_p25.1180719621 R36.25, 
t1554371449.52 U25.1975 I0.834 T_a36.187 T_p24.9291473026 R36.187, 
