t1548473783.15 U0.0 I0.0 TOutdated temperature measurement T_a-101.0, Discharging started: untitled
t1548473783.15 U0.0 I0.0 TOutdated temperature measurement T_a-101.0, Discharging started: untitled
t1548473783.17 U0.0 I0.0 TOutdated temperature measurement T_a-102.0, Discharging completed/interrupted: untitled
t1548473796.79 U0.0 I0.0 T9.687 T_a-101.0, Discharging started: untitled
t1548473796.79 U0.0 I0.0 T9.687 T_a-101.0, Discharging started: untitled
t1548473796.81 U0.0 I0.0 T9.687 T_a-102.0, Discharging completed/interrupted: untitled
t1548474027.59 U0.0 I0.0 T9.75 T_a-101.0, Discharging started: untitled
t1548474027.59 U0.0 I0.0 T9.75 T_a-101.0, Discharging started: untitled
t1548474027.61 U0.0 I0.0 T9.75 T_a-102.0, Discharging completed/interrupted: untitled
t1548474149.31 U0.0 I0.0 T9.75 T_a-101.0, Discharging started: untitled
t1548474149.31 U0.0 I0.0 T9.75 T_a-101.0, Discharging started: untitled
t1548474149.32 U0.0 I0.0 T9.75 T_a-102.0, Discharging completed/interrupted: untitled
t1548474323.73 U0.0 I0.0 T9.75 T_a-101.0, Discharging started: untitled
t1548474323.73 U0.0 I0.0 T9.75 T_a-101.0, Discharging started: untitled
t1548474323.75 U0.0 I0.0 T9.75 T_a-102.0, Discharging completed/interrupted: untitled
t1548474338.82 U0.0 I0.0 T9.75 T_a-101.0, Discharging started: untitled
t1548474338.82 U0.0 I0.0 T9.75 T_a-101.0, Discharging started: untitled
t1548474338.84 U0.0 I0.0 T9.75 T_a-102.0, Discharging completed/interrupted: untitled
t1548474439.44 U0.0 I0.0 T9.812 T_a-101.0, Discharging started: untitled
t1548474439.44 U0.0 I0.0 T9.812 T_a-101.0, Discharging started: untitled
t1548474440.45 U0.0 I0.0 T9.812 T_a-102.0, Discharging completed/interrupted: untitled
t1548474446.86 U0.0 I0.0 T9.75 T_a-101.0, Discharging started: untitled
t1548474446.86 U0.0 I0.0 T9.75 T_a-101.0, Discharging started: untitled
t1548474447.87 U0.0 I0.0 T9.75 T_a-102.0, Discharging completed/interrupted: untitled
t1548474466.63 U0.0 I0.0 T9.812 T_a-101.0, Discharging started: untitled
t1548474466.63 U0.0 I0.0 T9.812 T_a-101.0, Discharging started: untitled
t1548474467.64 U0.0 I0.0 T9.812 T_a-102.0, Discharging completed/interrupted: untitled
t1548474474.45 U0.0 I0.0 T9.812 T_a-101.0, Discharging started: untitled
t1548474474.45 U0.0 I0.0 T9.812 T_a-101.0, Discharging started: untitled
t1548474475.47 U0.0 I0.0 T9.812 T_a-102.0, Discharging completed/interrupted: untitled
t1548474502.13 U0.0 I0.0 T9.812 T_a-101.0, Discharging started: untitled
t1548474502.13 U0.0 I0.0 T9.812 T_a-101.0, Discharging started: untitled
t1548474503.15 U0.0 I0.0 T9.812 T_a-102.0, Discharging completed/interrupted: untitled
t1548474536.13 U0.0 I0.0 T9.812 T_a-101.0, Discharging started: untitled
t1548474536.13 U0.0 I0.0 T9.812 T_a-101.0, Discharging started: untitled
t1548474546.15 U0.0 I0.0 T9.812 T_a-102.0, Discharging completed/interrupted: untitled
t1548474595.17 U0.0 I0.0 T9.812 T_a-101.0, Discharging started: untitled
t1548474595.17 U0.0 I0.0 T9.812 T_a-101.0, Discharging started: untitled
t1548474605.19 U0.0 I0.0 T9.812 T_a-102.0, Discharging completed/interrupted: untitled
t1548474658.69 U0.0 I0.0 T9.812 T_a-101.0, Discharging started: untitled
t1548474658.69 U0.0 I0.0 T9.812 T_a-101.0, Discharging started: untitled
t1548474668.71 U0.0 I0.0 T9.812 T_a-102.0, Discharging completed/interrupted: untitled
t1548474728.46 U0.0 I0.0 T9.812 T_a-101.0, Discharging started: untitled
t1548474728.46 U0.0 I0.0 T9.812 T_a-101.0, Discharging started: untitled
t1548474738.49 U0.0 I0.0 T9.812 T_a-102.0, Discharging completed/interrupted: untitled
t1548474814.53 U0.0 I0.0 T9.812 T_a-101.0, Discharging started: untitled
t1548474814.53 U0.0 I0.0 T9.812 T_a-101.0, Discharging started: untitled
t1548474824.56 U0.0 I0.0 T9.812 T_a-102.0, Discharging completed/interrupted: untitled
t1548474905.72 U0.0 I0.0 T9.875 T_a-101.0, Discharging started: untitled
t1548474905.72 U0.0 I0.0 T9.875 T_a-101.0, Discharging started: untitled
t1548474915.75 U0.0 I0.0 T9.875 T_a-102.0, Discharging completed/interrupted: untitled
t1548475154.1 U0.0 I0.0 T9.875 T_a-101.0, Discharging started: untitled
t1548475154.1 U0.0 I0.0 T9.875 T_a-101.0, Discharging started: untitled
t1548475164.13 U0.0 I0.0 T9.875 T_a-102.0, Discharging completed/interrupted: untitled
t1548475169.35 U0.0 I0.0 T9.875 T_a-101.0, Discharging started: untitled
t1548475169.35 U0.0 I0.0 T9.875 T_a-101.0, Discharging started: untitled
t1548475179.38 U0.0 I0.0 T9.875 T_a-102.0, Discharging completed/interrupted: untitled
t1548475200.06 U0.0 I0.0 T9.875 T_a-101.0, Discharging started: untitled
t1548475200.06 U0.0 I0.0 T9.875 T_a-101.0, Discharging started: untitled
t1548475210.09 U0.0 I0.0 T9.875 T_a-102.0, Discharging completed/interrupted: untitled
t1548475305.29 U0.0 I0.0 T9.875 T_a-101.0, Discharging started: untitled
t1548475305.29 U0.0 I0.0 T9.875 T_a-101.0, Discharging started: untitled
t1548475315.07 U0.0 I0.0 T9.875 T_a-102.0, Discharging completed/interrupted: untitled
t1548475409.34 U0.0 I0.0 T9.875 T_a-101.0, Discharging started: untitled
t1548475409.34 U0.0 I0.0 T9.875 T_a-101.0, Discharging started: untitled
t1548475415.45 U0.0 I0.0 T9.875 T_a-102.0, Discharging completed/interrupted: untitled
t1548475493.56 U0.0 I0.0 T9.937 T_a-101.0, Discharging started: untitled
t1548475493.56 U0.0 I0.0 T9.937 T_a-101.0, Discharging started: untitled
t1548475496.53 U0.0 I0.0 T9.937 T_a-102.0, Discharging completed/interrupted: untitled
t1548475501.28 U0.0 I0.0 T9.937 T_a-101.0, Discharging started: untitled
t1548475501.28 U0.0 I0.0 T9.937 T_a-101.0, Discharging started: untitled
t1548475503.0 U0.0 I0.0 T9.937 T_a-102.0, Discharging completed/interrupted: untitled
t1548475616.81 U0.0 I0.0 T9.937 T_a-101.0, Discharging started: untitled
t1548475616.81 U0.0 I0.0 T9.937 T_a-101.0, Discharging started: untitled
t1548475624.14 U0.0 I0.0 T9.937 T_a-102.0, Discharging completed/interrupted: untitled
t1548475670.73 U0.0 I0.0 T9.937 T_a-101.0, Discharging started: untitled
t1548475670.73 U0.0 I0.0 T9.937 T_a-101.0, Discharging started: untitled
t1548475680.76 U20.4626876189 I23.995 T9.937 T_a15.3866786838, 9.937
t1548475680.87 U20.4877225326 I24.031 T9.937 T_a15.3866786838, 9.937
t1548475680.98 U20.4837132223 I24.0214 T9.937 T_a15.3866786838, 9.937
t1548475681.09 U20.4528806361 I23.9878 T9.937 T_a15.3866786838, 9.937
t1548475681.19 U20.4875155498 I24.0238 T9.937 T_a15.3866786838, 9.937
t1548475681.3 U20.485520205 I24.0286 T9.937 T_a15.3866786838, 9.937
t1548475681.41 U20.4727015844 I24.0094 T9.937 T_a15.3866786838, 9.937
t1548475681.52 U20.468692274 I23.9998 T9.937 T_a15.3866786838, 9.937
t1548475681.63 U20.4969271877 I24.0358 T9.937 T_a15.3866786838, 9.937
t1548475681.73 U20.465492274 I23.9998 T9.937 T_a15.3866786838, 9.937
t1548475681.84 U20.4664899465 I23.9974 T9.937 T_a15.3866786838, 9.937
t1548475681.95 U20.4825085671 I24.0166 T9.937 T_a15.3751042152, 9.937
t1548475682.06 U20.4701039119 I24.0118 T9.937 T_a15.3751042152, 9.937
t1548475682.17 U20.4783108947 I24.019 T9.937 T_a15.3751042152, 9.937
t1548475682.28 U20.4881178774 I24.0262 T9.937 T_a15.3751042152, 9.937
t1548475682.39 U20.4711015844 I24.0094 T9.937 T_a15.3751042152, 9.937
t1548475682.49 U20.4666969292 I24.0046 T9.937 T_a15.3751042152, 9.937
t1548475682.6 U20.4733039119 I24.0118 T9.937 T_a15.3751042152, 9.937
t1548475682.71 U20.4720992568 I24.007 T9.937 T_a15.3751042152, 9.937
t1548475682.82 U20.4755062395 I24.0142 T9.937 T_a15.3751042152, 9.937
t1548475682.93 U20.4827155498 I24.0238 T9.937 T_a15.3751042152, 9.937
t1548475683.03 U20.4847108947 I24.019 T9.937 T_a15.3751042152, 9.937
t1548475683.14 U20.4809085671 I24.0166 T9.937 T_a15.3751042152, 9.937
t1548475683.25 U20.487120205 I24.0286 T9.937 T_a15.3751042152, 9.937
t1548475683.36 U20.4749039119 I24.0118 T9.937 T_a15.3751042152, 9.937
t1548475683.47 U20.4730969292 I24.0046 T9.937 T_a15.3693170161, 9.937
t1548475683.57 U20.4704992568 I24.007 T9.937 T_a15.3693170161, 9.937
t1548475683.68 U20.4821132223 I24.0214 T9.937 T_a15.3693170161, 9.937
t1548475683.79 U20.4632899465 I23.9974 T9.937 T_a15.3693170161, 9.937
t1548475683.9 U20.4727015844 I24.0094 T9.937 T_a15.3693170161, 9.937
t1548475684.01 U20.4849178774 I24.0262 T9.937 T_a15.3693170161, 9.937
t1548475684.11 U20.4666969292 I24.0046 T9.937 T_a15.3693170161, 9.937
t1548475684.22 U20.465492274 I23.9998 T9.937 T_a15.3693170161, 9.937
t1548475684.33 U20.4663015844 I24.0094 T9.937 T_a15.3693170161, 9.937
t1548475684.44 U20.4739062395 I24.0142 T9.937 T_a15.3693170161, 9.937
t1548475684.55 U20.4572852913 I23.9926 T9.937 T_a15.3693170161, 9.937
t1548475684.65 U20.4650969292 I24.0046 T9.937 T_a15.3693170161, 9.937
t1548475684.76 U20.487120205 I24.0286 T9.937 T_a15.3693170161, 9.937
t1548475684.87 U20.4775015844 I24.0094 T9.937 T_a15.3693170161, 9.937
t1548475684.98 U20.4714969292 I24.0046 T9.937 T_a15.3635297818, 9.937
t1548475685.09 U20.4969271877 I24.0358 T9.937 T_a15.3635297818, 9.937
t1548475685.19 U20.4843155498 I24.0238 T9.937 T_a15.3635297818, 9.937
t1548475685.3 U20.4648899465 I23.9974 T9.937 T_a15.3635297818, 9.937
t1548475685.41 U20.4767108947 I24.019 T9.937 T_a15.3635297818, 9.937
t1548475685.52 U20.4805132223 I24.0214 T9.937 T_a15.3635297818, 9.937
t1548475685.63 U20.4604852913 I23.9926 T9.937 T_a15.3635297818, 9.937
t1548475685.73 U20.462292274 I23.9998 T9.937 T_a15.3635297818, 9.937
t1548475685.84 U20.490320205 I24.0286 T9.937 T_a15.3635297818, 9.937
t1548475685.95 U20.463892274 I23.9998 T9.937 T_a15.3635297818, 9.937
t1548475686.06 U20.465492274 I23.9998 T9.937 T_a15.3635297818, 9.937
t1548475686.17 U20.4771062395 I24.0142 T9.937 T_a15.3635297818, 9.937
t1548475686.27 U20.4909225326 I24.031 T9.937 T_a15.3635297818, 9.937
t1548475686.38 U20.4664899465 I23.9974 T9.937 T_a15.3635297818, 9.937
t1548475686.49 U20.4578876189 I23.995 T9.937 T_a15.3982531524, 9.937
t1548475686.6 U20.4909225326 I24.031 T9.937 T_a15.3982531524, 9.937
t1548475686.71 U20.4720992568 I24.007 T9.937 T_a15.3982531524, 9.937
t1548475686.81 U20.4604852913 I23.9926 T9.937 T_a15.3982531524, 9.937
t1548475686.92 U20.4925225326 I24.031 T9.937 T_a15.3982531524, 9.937
t1548475687.03 U20.488720205 I24.0286 T9.937 T_a15.3982531524, 9.937
t1548475687.14 U20.4560806361 I23.9878 T9.937 T_a15.3982531524, 9.937
t1548475687.25 U20.490320205 I24.0286 T9.937 T_a15.3982531524, 9.937
t1548475687.35 U20.4963248602 I24.0334 T9.937 T_a15.3982531524, 9.937
t1548475687.46 U20.4582829637 I23.9902 T9.937 T_a15.3982531524, 9.937
t1548475687.57 U20.4562876189 I23.995 T9.937 T_a15.3982531524, 9.937
t1548475687.68 U20.4975295153 I24.0382 T9.937 T_a15.3982531524, 9.937
t1548475687.79 U20.4594876189 I23.995 T9.937 T_a15.3982531524, 9.937
t1548475687.89 U20.4604852913 I23.9926 T9.937 T_a15.3982531524, 9.937
t1548475688.0 U20.4837132223 I24.0214 T9.937 T_a15.3982531524, 9.937
t1548475688.11 U20.5019341705 I24.043 T9.937 T_a15.4098276209, 9.937
t1548475688.22 U20.4512806361 I23.9878 T9.937 T_a15.4098276209, 9.937
t1548475688.33 U20.4947248602 I24.0334 T9.937 T_a15.4098276209, 9.937
t1548475688.44 U20.4650969292 I24.0046 T9.937 T_a15.4098276209, 9.937
t1548475688.55 U20.4688992568 I24.007 T9.937 T_a15.4098276209, 9.937
t1548475688.65 U20.4761085671 I24.0166 T9.937 T_a15.4098276209, 9.937
t1548475688.76 U20.4594876189 I23.995 T9.937 T_a15.4098276209, 9.937
t1548475688.87 U20.4771062395 I24.0142 T9.937 T_a15.4098276209, 9.937
t1548475688.98 U20.4805132223 I24.0214 T9.937 T_a15.4098276209, 9.937
t1548475689.09 U20.4809085671 I24.0166 T9.937 T_a15.4098276209, 9.937
t1548475689.19 U20.4682969292 I24.0046 T9.937 T_a15.4098276209, 9.937
t1548475689.3 U20.488720205 I24.0286 T9.937 T_a15.4098276209, 9.937
t1548475689.41 U20.4765039119 I24.0118 T9.937 T_a15.4098276209, 9.937
t1548475689.52 U20.4594876189 I23.995 T9.937 T_a15.4098276209, 9.937
t1548475689.63 U20.4755062395 I24.0142 T9.937 T_a15.4214020895, 9.937
t1548475689.73 U20.4805132223 I24.0214 T9.937 T_a15.4214020895, 9.937
t1548475689.84 U20.4626876189 I23.995 T9.937 T_a15.4214020895, 9.937
t1548475689.95 U20.4711015844 I24.0094 T9.937 T_a15.4214020895, 9.937
t1548475690.06 U20.4969271877 I24.0358 T9.937 T_a15.4214020895, 9.937
t1548475690.17 U20.4727015844 I24.0094 T9.937 T_a15.4214020895, 9.937
t1548475690.27 U20.4692946016 I24.0022 T9.937 T_a15.4214020895, 9.937
t1548475690.38 U20.4688992568 I24.007 T9.937 T_a15.4214020895, 9.937
t1548475690.49 U20.4799108947 I24.019 T9.937 T_a15.4214020895, 9.937
t1548475690.6 U20.4566829637 I23.9902 T9.937 T_a15.4214020895, 9.937
t1548475690.71 U20.4682969292 I24.0046 T9.937 T_a15.4214020895, 9.937
t1548475690.81 U20.4865178774 I24.0262 T9.937 T_a15.4214020895, 9.937
t1548475690.92 U20.4765039119 I24.0118 T9.937 T_a15.4214020895, 9.937
t1548475691.03 U20.465492274 I23.9998 T9.937 T_a15.4214020895, 9.937
t1548475691.14 U20.4717039119 I24.0118 T9.937 T_a15.4329766117, 9.937
t1548475691.25 U20.4913178774 I24.0262 T9.937 T_a15.4329766117, 9.937
t1548475691.35 U20.470292274 I23.9998 T9.937 T_a15.4329766117, 9.937
t1548475691.46 U20.4691062395 I24.0142 T9.937 T_a15.4329766117, 9.937
t1548475691.57 U20.488720205 I24.0286 T9.937 T_a15.4329766117, 9.937
t1548475691.68 U20.4588852913 I23.9926 T9.937 T_a15.4329766117, 9.937
t1548475691.79 U20.459092274 I23.9998 T9.937 T_a15.4329766117, 9.937
t1548475691.89 U20.485520205 I24.0286 T9.937 T_a15.4329766117, 9.937
t1548475692.0 U20.4610876189 I23.995 T9.937 T_a15.4329766117, 9.937
t1548475692.11 U20.4626876189 I23.995 T9.937 T_a15.4329766117, 9.937
t1548475692.22 U20.4777085671 I24.0166 T9.937 T_a15.4329766117, 9.937
t1548475692.33 U20.4931248602 I24.0334 T9.937 T_a15.4329766117, 9.937
t1548475692.43 U20.4642876189 I23.995 T9.937 T_a15.4329766117, 9.937
t1548475692.54 U20.459092274 I23.9998 T9.937 T_a15.4329766117, 9.937
t1548475692.65 U20.4975295153 I24.0382 T9.937 T_a15.4387638996, 9.937
t1548475692.76 U20.4658876189 I23.995 T9.937 T_a15.4387638996, 9.937
t1548475692.87 U20.4642876189 I23.995 T9.937 T_a15.4387638996, 9.937
t1548475692.97 U20.5001271877 I24.0358 T9.937 T_a15.4387638996, 9.937
t1548475693.08 U20.4941225326 I24.031 T9.937 T_a15.4387638996, 9.937
t1548475693.19 U20.4534829637 I23.9902 T9.937 T_a15.4387638996, 9.937
t1548475693.3 U20.463892274 I23.9998 T9.937 T_a15.4387638996, 9.937
t1548475693.41 U20.4909225326 I24.031 T9.937 T_a15.4387638996, 9.937
t1548475693.51 U20.4648899465 I23.9974 T9.937 T_a15.4387638996, 9.937
t1548475693.62 U20.4578876189 I23.995 T9.937 T_a15.4387638996, 9.937
t1548475693.73 U20.4963248602 I24.0334 T9.937 T_a15.4387638996, 9.937
t1548475693.84 U20.4947248602 I24.0334 T9.937 T_a15.4387638996, 9.937
t1548475693.95 U20.4478736534 I23.9806 T9.937 T_a15.4387638996, 9.937
t1548475694.05 U20.4875155498 I24.0238 T9.937 T_a15.4387638996, 9.937
t1548475694.16 U20.490320205 I24.0286 T9.937 T_a15.4445511875, 9.937
t1548475694.27 U20.4642876189 I23.995 T9.937 T_a15.4445511875, 9.937
t1548475694.38 U20.487120205 I24.0286 T9.937 T_a15.4445511875, 9.937
t1548475694.49 U20.4963248602 I24.0334 T9.937 T_a15.4445511875, 9.937
t1548475694.59 U20.4566829637 I23.9902 T9.937 T_a15.4445511875, 9.937
t1548475694.7 U20.4594876189 I23.995 T9.937 T_a15.4445511875, 9.937
t1548475694.81 U20.488720205 I24.0286 T9.937 T_a15.4445511875, 9.937
t1548475694.92 U20.4957225326 I24.031 T9.937 T_a15.4445511875, 9.937
t1548475695.03 U20.4572852913 I23.9926 T9.937 T_a15.4445511875, 9.937
t1548475695.13 U20.490320205 I24.0286 T9.937 T_a15.4445511875, 9.937
t1548475695.24 U20.4893225326 I24.031 T9.937 T_a15.4445511875, 9.937
t1548475695.35 U20.463892274 I23.9998 T9.937 T_a15.4445511875, 9.937
t1548475695.46 U20.4562876189 I23.995 T9.937 T_a15.4445511875, 9.937
t1548475695.57 U20.4931248602 I24.0334 T9.937 T_a15.4445511875, 9.937
t1548475695.67 U20.4534829637 I23.9902 T9.937 T_a15.4445511875, 9.937
t1548475695.78 U20.4632899465 I23.9974 T9.937 T_a15.4387638996, 9.937
t1548475695.89 U20.490320205 I24.0286 T9.937 T_a15.4387638996, 9.937
t1548475696.01 U20.488720205 I24.0286 T9.937 T_a15.4387638996, 9.937
t1548475696.11 U20.4787062395 I24.0142 T9.937 T_a15.4387638996, 9.937
t1548475696.22 U20.4632899465 I23.9974 T9.937 T_a15.4387638996, 9.937
t1548475696.33 U20.462292274 I23.9998 T9.937 T_a15.4387638996, 9.937
t1548475696.44 U20.4759015844 I24.0094 T9.937 T_a15.4387638996, 9.937
t1548475696.55 U20.4843155498 I24.0238 T9.937 T_a15.4387638996, 9.937
t1548475696.65 U20.4771062395 I24.0142 T9.937 T_a15.4387638996, 9.937
t1548475696.76 U20.4805132223 I24.0214 T9.937 T_a15.4387638996, 9.937
t1548475696.87 U20.4863108947 I24.019 T9.937 T_a15.4387638996, 9.937
t1548475696.98 U20.4588852913 I23.9926 T9.937 T_a15.4387638996, 9.937
t1548475697.09 U20.4720992568 I24.007 T9.937 T_a15.4387638996, 9.937
t1548475697.19 U20.4759015844 I24.0094 T9.937 T_a15.4387638996, 9.937
t1548475697.3 U20.4660946016 I24.0022 T9.937 T_a15.4677003392, 9.937
t1548475697.41 U20.4672992568 I24.007 T9.937 T_a15.4677003392, 9.937
t1548475697.52 U20.4859155498 I24.0238 T9.937 T_a15.4677003392, 9.937
t1548475697.63 U20.4743015844 I24.0094 T9.937 T_a15.4677003392, 9.937
t1548475697.73 U20.4749039119 I24.0118 T9.937 T_a15.4677003392, 9.937
t1548475697.84 U20.4708946016 I24.0022 T9.937 T_a15.4677003392, 9.937
t1548475697.95 U20.4720992568 I24.007 T9.937 T_a15.4677003392, 9.937
t1548475698.06 U20.4682969292 I24.0046 T9.937 T_a15.4677003392, 9.937
t1548475698.17 U20.4781039119 I24.0118 T9.937 T_a15.4677003392, 9.937
t1548475698.27 U20.4762969292 I24.0046 T9.937 T_a15.4677003392, 9.937
t1548475698.38 U20.4761085671 I24.0166 T9.937 T_a15.4677003392, 9.937
t1548475698.49 U20.4821132223 I24.0214 T9.937 T_a15.4677003392, 9.937
t1548475698.6 U20.4793085671 I24.0166 T9.937 T_a15.4677003392, 9.937
t1548475698.65 U0.0 I0.0 T9.937 T_a-102.0, Discharging completed/interrupted: untitled
t1548475793.96 U0.0 I0.0 T9.937 T_a-101.0, Discharging started: untitled
t1548475793.96 U0.0 I0.0 T9.937 T_a-101.0, Discharging started: untitled
t1548475796.27 U0.0 I0.0 T9.937 T_a-102.0, Discharging completed/interrupted: untitled
t1548475886.49 U0.0 I0.0 T10.0 T_a-101.0, Discharging started: untitled
t1548475886.49 U0.0 I0.0 T10.0 T_a-101.0, Discharging started: untitled
t1548475896.51 U0.0 I0.0 T10.0 T_a-102.0, Discharging completed/interrupted: untitled
t1548475937.44 U0.0 I0.0 T10.0 T_a-101.0, Discharging started: untitled
t1548475937.44 U0.0 I0.0 T10.0 T_a-101.0, Discharging started: untitled
t1548475947.47 U0.0 I0.0 T10.0 T_a-102.0, Discharging completed/interrupted: untitled
t1548476093.27 U0.0 I0.0 T10.0 T_a-101.0, Discharging started: untitled
t1548476093.27 U0.0 I0.0 T10.0 T_a-101.0, Discharging started: untitled
t1548476103.3 U0.0 I0.0 T10.0 T_a-102.0, Discharging completed/interrupted: untitled
t1548476264.24 U0.0 I0.0 T10.0 T_a-101.0, Discharging started: untitled
t1548476264.24 U0.0 I0.0 T10.0 T_a-101.0, Discharging started: untitled
t1548476274.27 U0.0 I0.0 T10.0 T_a-102.0, Discharging completed/interrupted: untitled
t1548476355.64 U0.0 I0.0 T10.062 T_a-101.0, Discharging started: untitled
t1548476355.64 U0.0 I0.0 T10.062 T_a-101.0, Discharging started: untitled
t1548476357.71 U0.0 I0.0 T10.062 T_a-102.0, Discharging completed/interrupted: untitled
t1548476499.79 U0.0 I0.0 T10.062 T_a-101.0, Discharging started: untitled
t1548476499.79 U0.0 I0.0 T10.062 T_a-101.0, Discharging started: untitled
t1548476505.86 U0.0 I0.0 T10.062 T_a-102.0, Discharging completed/interrupted: untitled
t1548476542.2 U0.0 I0.0 T10.062 T_a-101.0, Discharging started: untitled
t1548476542.2 U0.0 I0.0 T10.062 T_a-101.0, Discharging started: untitled
t1548476552.23 U0.0 I0.0 T10.062 T_a-102.0, Discharging completed/interrupted: untitled
t1548476603.14 U0.0 I0.0 T10.062 T_a-101.0, Discharging started: untitled
t1548476603.14 U0.0 I0.0 T10.062 T_a-101.0, Discharging started: untitled
t1548476604.93 U0.0 I0.0 T10.062 T_a-102.0, Discharging completed/interrupted: untitled
t1548476817.94 U0.0 I0.0 T10.062 T_a-101.0, Discharging started: untitled
t1548476817.94 U0.0 I0.0 T10.062 T_a-101.0, Discharging started: untitled
t1548476820.86 U0.0 I0.0 T10.062 T_a-102.0, Discharging completed/interrupted: untitled
t1548477665.65 U0.0 I0.0 T10.187 T_a-101.0, Discharging started: untitled
t1548477665.65 U0.0 I0.0 T10.187 T_a-101.0, Discharging started: untitled
t1548477675.68 U25.965055 I12.0215 T10.187 T_a15.4677003392, 10.187
t1548477675.79 U25.876087 I11.9951 T10.187 T_a15.4677003392, 10.187
t1548477675.9 U25.952167 I12.0191 T10.187 T_a15.4677003392, 10.187
t1548477676.01 U25.893951 I12.0023 T10.187 T_a15.4677003392, 10.187
t1548477676.12 U25.969943 I12.0239 T10.187 T_a15.4677003392, 10.187
t1548477676.23 U25.935991 I12.0143 T10.187 T_a15.4677003392, 10.187
t1548477676.34 U25.939191 I12.0143 T10.187 T_a15.4677003392, 10.187
t1548477676.45 U25.892263 I11.9999 T10.187 T_a15.4677003392, 10.187
t1548477676.56 U25.918215 I12.0095 T10.187 T_a15.4677003392, 10.187
t1548477676.67 U25.979631 I12.0263 T10.187 T_a15.4677003392, 10.187
t1548477676.77 U25.978031 I12.0263 T10.187 T_a15.4677003392, 10.187
t1548477676.88 U25.868087 I11.9951 T10.187 T_a15.479274987, 10.187
t1548477676.99 U25.969943 I12.0239 T10.187 T_a15.479274987, 10.187
t1548477677.1 U25.981231 I12.0263 T10.187 T_a15.479274987, 10.187
t1548477677.2 U25.832535 I11.9855 T10.187 T_a15.479274987, 10.187
t1548477677.31 U25.868087 I11.9951 T10.187 T_a15.479274987, 10.187
t1548477677.42 U25.934391 I12.0143 T10.187 T_a15.479274987, 10.187
t1548477677.53 U25.850311 I11.9903 T10.187 T_a15.479274987, 10.187
t1548477677.64 U25.855199 I11.9927 T10.187 T_a15.479274987, 10.187
t1548477677.74 U25.992607 I12.0311 T10.187 T_a15.479274987, 10.187
t1548477677.85 U25.966743 I12.0239 T10.187 T_a15.479274987, 10.187
t1548477677.96 U25.868175 I11.9975 T10.187 T_a15.479274987, 10.187
t1548477678.07 U25.858311 I11.9903 T10.187 T_a15.479274987, 10.187
t1548477678.18 U25.948967 I12.0191 T10.187 T_a15.479274987, 10.187
t1548477678.29 U25.868087 I11.9951 T10.187 T_a15.479274987, 10.187
t1548477678.39 U25.848711 I11.9903 T10.187 T_a15.4908495628, 10.187
t1548477678.5 U25.963455 I12.0215 T10.187 T_a15.4908495628, 10.187
t1548477678.61 U25.969943 I12.0239 T10.187 T_a15.4908495628, 10.187
t1548477678.72 U25.898839 I12.0047 T10.187 T_a15.4908495628, 10.187
t1548477678.82 U25.884263 I11.9999 T10.187 T_a15.4908495628, 10.187
t1548477678.93 U25.953767 I12.0191 T10.187 T_a15.4908495628, 10.187
t1548477679.04 U25.840623 I11.9879 T10.187 T_a15.4908495628, 10.187
t1548477679.15 U25.853511 I11.9903 T10.187 T_a15.4908495628, 10.187
t1548477679.26 U25.974831 I12.0263 T10.187 T_a15.4908495628, 10.187
t1548477679.37 U25.934479 I12.0167 T10.187 T_a15.4908495628, 10.187
t1548477679.47 U25.877863 I11.9999 T10.187 T_a15.4908495628, 10.187
t1548477679.58 U25.991007 I12.0311 T10.187 T_a15.4908495628, 10.187
t1548477679.69 U25.926303 I12.0119 T10.187 T_a15.4908495628, 10.187
t1548477679.8 U25.902127 I12.0071 T10.187 T_a15.4908495628, 10.187
t1548477679.91 U25.872887 I11.9951 T10.187 T_a15.5197863625, 10.187
t1548477680.01 U25.903727 I12.0071 T10.187 T_a15.5197863625, 10.187
t1548477680.12 U25.860087 I11.9951 T10.187 T_a15.5197863625, 10.187
t1548477680.23 U25.892351 I12.0023 T10.187 T_a15.5197863625, 10.187
t1548477680.34 U25.916615 I12.0095 T10.187 T_a15.5197863625, 10.187
t1548477680.44 U25.950567 I12.0191 T10.187 T_a15.5197863625, 10.187
t1548477680.55 U25.895639 I12.0047 T10.187 T_a15.5197863625, 10.187
t1548477680.66 U25.947367 I12.0191 T10.187 T_a15.5197863625, 10.187
t1548477680.77 U25.915015 I12.0095 T10.187 T_a15.5197863625, 10.187
t1548477680.88 U25.869687 I11.9951 T10.187 T_a15.5197863625, 10.187
t1548477680.99 U25.877863 I11.9999 T10.187 T_a15.5197863625, 10.187
t1548477681.09 U25.897239 I12.0047 T10.187 T_a15.5197863625, 10.187
t1548477681.2 U25.937679 I12.0167 T10.187 T_a15.5197863625, 10.187
t1548477681.31 U25.913415 I12.0095 T10.187 T_a15.5197863625, 10.187
t1548477681.42 U25.952167 I12.0191 T10.187 T_a15.5429358022, 10.187
t1548477681.52 U25.942479 I12.0167 T10.187 T_a15.5429358022, 10.187
t1548477681.63 U25.947367 I12.0191 T10.187 T_a15.5429358022, 10.187
t1548477681.74 U25.939279 I12.0167 T10.187 T_a15.5429358022, 10.187
t1548477681.85 U25.876175 I11.9975 T10.187 T_a15.5429358022, 10.187
t1548477681.96 U25.872975 I11.9975 T10.187 T_a15.5429358022, 10.187
t1548477682.06 U25.902127 I12.0071 T10.187 T_a15.5429358022, 10.187
t1548477682.17 U25.961943 I12.0239 T10.187 T_a15.5429358022, 10.187
t1548477682.28 U25.911815 I12.0095 T10.187 T_a15.5429358022, 10.187
t1548477682.39 U25.931279 I12.0167 T10.187 T_a15.5429358022, 10.187
t1548477682.5 U25.950567 I12.0191 T10.187 T_a15.5429358022, 10.187
t1548477682.61 U25.897239 I12.0047 T10.187 T_a15.5429358022, 10.187
t1548477682.71 U25.872975 I11.9975 T10.187 T_a15.5429358022, 10.187
t1548477682.82 U25.921503 I12.0119 T10.187 T_a15.5429358022, 10.187
t1548477682.93 U25.871375 I11.9975 T10.187 T_a15.5429358022, 10.187
t1548477683.04 U25.923191 I12.0143 T10.187 T_a15.5371484423, 10.187
t1548477683.14 U25.944167 I12.0191 T10.187 T_a15.5371484423, 10.187
t1548477683.25 U25.918303 I12.0119 T10.187 T_a15.5371484423, 10.187
t1548477683.36 U25.895639 I12.0047 T10.187 T_a15.5371484423, 10.187
t1548477683.47 U25.944167 I12.0191 T10.187 T_a15.5371484423, 10.187
t1548477683.58 U25.890751 I12.0023 T10.187 T_a15.5371484423, 10.187
t1548477683.68 U25.851999 I11.9927 T10.187 T_a15.5371484423, 10.187
t1548477683.79 U25.910215 I12.0095 T10.187 T_a15.5371484423, 10.187
t1548477683.9 U25.923191 I12.0143 T10.187 T_a15.5371484423, 10.187
t1548477684.01 U25.927991 I12.0143 T10.187 T_a15.5371484423, 10.187
t1548477684.12 U25.885951 I12.0023 T10.187 T_a15.5371484423, 10.187
t1548477684.23 U25.923191 I12.0143 T10.187 T_a15.5371484423, 10.187
t1548477684.33 U25.894039 I12.0047 T10.187 T_a15.5371484423, 10.187
t1548477684.44 U25.871375 I11.9975 T10.187 T_a15.5371484423, 10.187
t1548477684.55 U25.885951 I12.0023 T10.187 T_a15.5429358022, 10.187
t1548477684.66 U25.939367 I12.0191 T10.187 T_a15.5429358022, 10.187
t1548477684.77 U25.874663 I11.9999 T10.187 T_a15.5429358022, 10.187
t1548477684.91 U25.955543 I12.0239 T10.187 T_a15.5429358022, 10.187
t1548477685.02 U25.934479 I12.0167 T10.187 T_a15.5429358022, 10.187
t1548477685.12 U25.911815 I12.0095 T10.187 T_a15.5429358022, 10.187
t1548477685.23 U25.887639 I12.0047 T10.187 T_a15.5429358022, 10.187
t1548477685.34 U25.863287 I11.9951 T10.187 T_a15.5429358022, 10.187
t1548477685.45 U25.892439 I12.0047 T10.187 T_a15.5429358022, 10.187
t1548477685.56 U25.863375 I11.9975 T10.187 T_a15.5429358022, 10.187
t1548477685.66 U25.897327 I12.0071 T10.187 T_a15.5429358022, 10.187
t1548477685.77 U25.949055 I12.0215 T10.187 T_a15.5429358022, 10.187
t1548477685.88 U25.932879 I12.0167 T10.187 T_a15.5429358022, 10.187
t1548477685.99 U25.915103 I12.0119 T10.187 T_a15.5429358022, 10.187
t1548477686.1 U25.945767 I12.0191 T10.187 T_a15.5313610824, 10.187
t1548477686.2 U25.907015 I12.0095 T10.187 T_a15.5313610824, 10.187
t1548477686.31 U25.864975 I11.9975 T10.187 T_a15.5313610824, 10.187
t1548477686.42 U25.887639 I12.0047 T10.187 T_a15.5313610824, 10.187
t1548477686.53 U25.882751 I12.0023 T10.187 T_a15.5313610824, 10.187
t1548477686.64 U25.924879 I12.0167 T10.187 T_a15.5313610824, 10.187
t1548477686.74 U25.929679 I12.0167 T10.187 T_a15.5313610824, 10.187
t1548477686.85 U25.942567 I12.0191 T10.187 T_a15.5313610824, 10.187
t1548477686.96 U25.881151 I12.0023 T10.187 T_a15.5313610824, 10.187
t1548477687.07 U25.926479 I12.0167 T10.187 T_a15.5313610824, 10.187
t1548477687.18 U25.884351 I12.0023 T10.187 T_a15.5313610824, 10.187
t1548477687.28 U25.863375 I11.9975 T10.187 T_a15.5313610824, 10.187
t1548477687.39 U25.886039 I12.0047 T10.187 T_a15.5313610824, 10.187
t1548477687.5 U25.924879 I12.0167 T10.187 T_a15.5313610824, 10.187
t1548477687.61 U25.931279 I12.0167 T10.187 T_a15.5313610824, 10.187
t1548477687.72 U25.877951 I12.0023 T10.187 T_a15.5313610824, 10.187
t1548477687.82 U25.928079 I12.0167 T10.187 T_a15.5313610824, 10.187
t1548477687.93 U25.910303 I12.0119 T10.187 T_a15.5313610824, 10.187
t1548477688.04 U25.852087 I11.9951 T10.187 T_a15.5313610824, 10.187
t1548477688.15 U25.882839 I12.0047 T10.187 T_a15.5313610824, 10.187
t1548477688.26 U25.905503 I12.0119 T10.187 T_a15.5313610824, 10.187
t1548477688.36 U25.832711 I11.9903 T10.187 T_a15.5313610824, 10.187
t1548477688.47 U25.894215 I12.0095 T10.187 T_a15.5313610824, 10.187
t1548477688.58 U25.945943 I12.0239 T10.187 T_a15.5313610824, 10.187
t1548477688.69 U25.886039 I12.0047 T10.187 T_a15.5313610824, 10.187
t1548477688.8 U25.884439 I12.0047 T10.187 T_a15.5313610824, 10.187
t1548477688.9 U25.889239 I12.0047 T10.187 T_a15.5313610824, 10.187
t1548477689.01 U25.924879 I12.0167 T10.187 T_a15.5313610824, 10.187
t1548477689.12 U25.861775 I11.9975 T10.187 T_a15.5313610824, 10.187
t1548477689.23 U25.853775 I11.9975 T10.187 T_a15.5313610824, 10.187
t1548477689.34 U25.928167 I12.0191 T10.187 T_a15.5313610824, 10.187
t1548477689.44 U25.894215 I12.0095 T10.187 T_a15.5313610824, 10.187
t1548477689.55 U25.861863 I11.9999 T10.187 T_a15.5313610824, 10.187
t1548477689.66 U25.945943 I12.0239 T10.187 T_a15.5313610824, 10.187
t1548477689.77 U25.873151 I12.0023 T10.187 T_a15.5313610824, 10.187
t1548477689.88 U25.827911 I11.9903 T10.187 T_a15.5313610824, 10.187
t1548477689.98 U25.913591 I12.0143 T10.187 T_a15.5313610824, 10.187
t1548477690.09 U25.918479 I12.0167 T10.187 T_a15.5313610824, 10.187
t1548477690.2 U25.819823 I11.9879 T10.187 T_a15.5313610824, 10.187
t1548477690.31 U25.860263 I11.9999 T10.187 T_a15.5313610824, 10.187
t1548477690.42 U25.936255 I12.0215 T10.187 T_a15.5313610824, 10.187
t1548477690.52 U25.878039 I12.0047 T10.187 T_a15.5313610824, 10.187
t1548477690.63 U25.826311 I11.9903 T10.187 T_a15.5197863625, 10.187
t1548477690.74 U25.903903 I12.0119 T10.187 T_a15.5197863625, 10.187
t1548477690.85 U25.934655 I12.0215 T10.187 T_a15.5197863625, 10.187
t1548477690.96 U25.800447 I11.9831 T10.187 T_a15.5197863625, 10.187
t1548477691.06 U25.934655 I12.0215 T10.187 T_a15.5197863625, 10.187
t1548477691.17 U25.933055 I12.0215 T10.187 T_a15.5197863625, 10.187
t1548477691.28 U25.884527 I12.0071 T10.187 T_a15.5197863625, 10.187
t1548477691.39 U25.813423 I11.9879 T10.187 T_a15.5197863625, 10.187
t1548477691.5 U25.950831 I12.0263 T10.187 T_a15.5197863625, 10.187
t1548477691.6 U25.852175 I11.9975 T10.187 T_a15.5197863625, 10.187
t1548477691.71 U25.823111 I11.9903 T10.187 T_a15.5197863625, 10.187
t1548477691.82 U25.928167 I12.0191 T10.187 T_a15.5197863625, 10.187
t1548477691.93 U25.957319 I12.0287 T10.187 T_a15.5197863625, 10.187
t1548477692.04 U25.813423 I11.9879 T10.187 T_a15.5197863625, 10.187
t1548477692.14 U25.823111 I11.9903 T10.187 T_a15.5197863625, 10.187
t1548477692.25 U25.944431 I12.0263 T10.187 T_a15.4966369228, 10.187
t1548477692.36 U25.837687 I11.9951 T10.187 T_a15.4966369228, 10.187
t1548477692.47 U25.805423 I11.9879 T10.187 T_a15.4966369228, 10.187
t1548477692.58 U25.936343 I12.0239 T10.187 T_a15.4966369228, 10.187
t1548477692.68 U25.942831 I12.0263 T10.187 T_a15.4966369228, 10.187
t1548477692.79 U25.808623 I11.9879 T10.187 T_a15.4966369228, 10.187
t1548477692.9 U25.944431 I12.0263 T10.187 T_a15.4966369228, 10.187
t1548477693.01 U25.944431 I12.0263 T10.187 T_a15.4966369228, 10.187
t1548477693.12 U25.837775 I11.9975 T10.187 T_a15.4966369228, 10.187
t1548477693.22 U25.805423 I11.9879 T10.187 T_a15.4966369228, 10.187
t1548477693.33 U25.921855 I12.0215 T10.187 T_a15.4966369228, 10.187
t1548477693.44 U25.954207 I12.0311 T10.187 T_a15.4966369228, 10.187
t1548477693.55 U25.808623 I11.9879 T10.187 T_a15.4966369228, 10.187
t1548477693.66 U25.928255 I12.0215 T10.187 T_a15.4966369228, 10.187
t1548477693.76 U25.944431 I12.0263 T10.187 T_a15.4908495628, 10.187
t1548477693.87 U25.807023 I11.9879 T10.187 T_a15.4908495628, 10.187
t1548477693.98 U25.813423 I11.9879 T10.187 T_a15.4908495628, 10.187
t1548477694.09 U25.941231 I12.0263 T10.187 T_a15.4908495628, 10.187
t1548477694.2 U25.802135 I11.9855 T10.187 T_a15.4908495628, 10.187
t1548477694.3 U25.800623 I11.9879 T10.187 T_a15.4908495628, 10.187
t1548477694.41 U25.931543 I12.0239 T10.187 T_a15.4908495628, 10.187
t1548477694.52 U25.926743 I12.0239 T10.187 T_a15.4908495628, 10.187
t1548477694.63 U25.828087 I11.9951 T10.187 T_a15.4908495628, 10.187
t1548477694.74 U25.949319 I12.0287 T10.187 T_a15.4908495628, 10.187
t1548477694.84 U25.941231 I12.0263 T10.187 T_a15.4908495628, 10.187
t1548477694.95 U25.802223 I11.9879 T10.187 T_a15.4908495628, 10.187
t1548477695.06 U25.831287 I11.9951 T10.187 T_a15.4908495628, 10.187
t1548477695.17 U25.811911 I11.9903 T10.187 T_a15.4908495628, 10.187
t1548477695.28 U25.844263 I11.9999 T10.187 T_a15.4908495628, 10.187
t1548477695.39 U25.923543 I12.0239 T10.187 T_a15.4908495628, 10.187
t1548477695.5 U25.866927 I12.0071 T10.187 T_a15.4908495628, 10.187
t1548477695.6 U25.821599 I11.9927 T10.187 T_a15.4908495628, 10.187
t1548477695.71 U25.933231 I12.0263 T10.187 T_a15.4908495628, 10.187
t1548477695.82 U25.849063 I11.9999 T10.187 T_a15.4908495628, 10.187
t1548477695.93 U25.849151 I12.0023 T10.187 T_a15.4908495628, 10.187
t1548477696.04 U25.921855 I12.0215 T10.187 T_a15.4908495628, 10.187
t1548477696.15 U25.904079 I12.0167 T10.187 T_a15.4908495628, 10.187
t1548477696.26 U25.849151 I12.0023 T10.187 T_a15.4908495628, 10.187
t1548477696.36 U25.826487 I11.9951 T10.187 T_a15.4908495628, 10.187
t1548477696.47 U25.875015 I12.0095 T10.187 T_a15.4908495628, 10.187
t1548477696.58 U25.819999 I11.9927 T10.187 T_a15.4908495628, 10.187
t1548477696.69 U25.836175 I11.9975 T10.187 T_a15.4908495628, 10.187
t1548477696.8 U25.862039 I12.0047 T10.187 T_a15.4908495628, 10.187
t1548477696.9 U25.900967 I12.0191 T10.187 T_a15.4908495628, 10.187
t1548477697.01 U25.883103 I12.0119 T10.187 T_a15.4908495628, 10.187
t1548477697.12 U25.910567 I12.0191 T10.187 T_a15.4908495628, 10.187
t1548477697.23 U25.894391 I12.0143 T10.187 T_a15.4908495628, 10.187
t1548477697.34 U25.904167 I12.0191 T10.187 T_a15.4908495628, 10.187
t1548477697.44 U25.852439 I12.0047 T10.187 T_a15.4908495628, 10.187
t1548477697.55 U25.857239 I12.0047 T10.187 T_a15.4908495628, 10.187
t1548477697.66 U25.837863 I11.9999 T10.187 T_a15.4908495628, 10.187
t1548477697.77 U25.860527 I12.0071 T10.187 T_a15.4908495628, 10.187
t1548477697.88 U25.920343 I12.0239 T10.187 T_a15.4908495628, 10.187
t1548477697.98 U25.873415 I12.0095 T10.187 T_a15.4908495628, 10.187
t1548477698.09 U25.891279 I12.0167 T10.187 T_a15.4908495628, 10.187
t1548477698.2 U25.844263 I11.9999 T10.187 T_a15.4908495628, 10.187
t1548477698.31 U25.831375 I11.9975 T10.187 T_a15.4908495628, 10.187
t1548477698.42 U25.828175 I11.9975 T10.187 T_a15.5139990026, 10.187
t1548477698.52 U25.883191 I12.0143 T10.187 T_a15.5139990026, 10.187
t1548477698.63 U25.839463 I11.9999 T10.187 T_a15.5139990026, 10.187
t1548477698.65 U0.0 I0.0 T10.187 T_a-102.0, Discharging completed/interrupted: untitled
t1548477794.17 U0.0 I0.0 T10.187 T_a-101.0, Discharging started: untitled
t1548477794.17 U0.0 I0.0 T10.187 T_a-101.0, Discharging started: untitled
t1548477803.26 U0.0 I0.0 T10.187 T_a-102.0, Discharging completed/interrupted: untitled
t1548477847.8 U0.0 I0.0 T10.187 T_a-101.0, Discharging started: untitled
t1548477847.8 U0.0 I0.0 T10.187 T_a-101.0, Discharging started: untitled
t1548477857.84 U23.112826 I18.0262 T10.187 T_a15.236211612, 10.187
t1548477857.95 U23.035842 I17.9854 T10.187 T_a15.236211612, 10.187
t1548477858.05 U23.046698 I17.9926 T10.187 T_a15.236211612, 10.187
t1548477858.16 U23.085666 I18.0142 T10.187 T_a15.236211612, 10.187
t1548477858.27 U23.096826 I18.0262 T10.187 T_a15.236211612, 10.187
t1548477858.38 U23.054354 I17.9998 T10.187 T_a15.236211612, 10.187
t1548477858.49 U23.093322 I18.0214 T10.187 T_a15.236211612, 10.187
t1548477858.59 U23.100674 I18.0238 T10.187 T_a15.236211612, 10.187
t1548477858.7 U23.034546 I17.9902 T10.187 T_a15.236211612, 10.187
t1548477858.81 U23.051802 I17.9974 T10.187 T_a15.236211612, 10.187
t1548477858.92 U23.08917 I18.019 T10.187 T_a15.236211612, 10.187
t1548477859.03 U23.097778 I18.0286 T10.187 T_a15.2709347132, 10.187
t1548477859.13 U23.050506 I18.0022 T10.187 T_a15.2709347132, 10.187
t1548477859.24 U23.090122 I18.0214 T10.187 T_a15.2709347132, 10.187
t1548477859.35 U23.090426 I18.0262 T10.187 T_a15.2709347132, 10.187
t1548477859.46 U23.075418 I18.0166 T10.187 T_a15.2709347132, 10.187
t1548477859.57 U23.047954 I17.9998 T10.187 T_a15.2709347132, 10.187
t1548477859.67 U23.08437 I18.019 T10.187 T_a15.2709347132, 10.187
t1548477859.78 U23.029098 I17.9926 T10.187 T_a15.2709347132, 10.187
t1548477859.89 U23.039954 I17.9998 T10.187 T_a15.2709347132, 10.187
t1548477860.0 U23.045706 I18.0022 T10.187 T_a15.2709347132, 10.187
t1548477860.11 U23.069018 I18.0166 T10.187 T_a15.2709347132, 10.187
t1548477860.21 U23.036106 I18.0022 T10.187 T_a15.2709347132, 10.187
t1548477860.32 U23.086274 I18.0238 T10.187 T_a15.2709347132, 10.187
t1548477860.43 U23.080522 I18.0214 T10.187 T_a15.2709347132, 10.187
t1548477860.54 U23.03165 I17.995 T10.187 T_a15.2593603485, 10.187
t1548477860.65 U23.046354 I17.9998 T10.187 T_a15.2593603485, 10.187
t1548477860.75 U23.067418 I18.0166 T10.187 T_a15.2593603485, 10.187
t1548477860.86 U23.032602 I17.9974 T10.187 T_a15.2593603485, 10.187
t1548477860.97 U23.055914 I18.0118 T10.187 T_a15.2593603485, 10.187
t1548477861.08 U23.077322 I18.0214 T10.187 T_a15.2593603485, 10.187
t1548477861.19 U23.059114 I18.0118 T10.187 T_a15.2593603485, 10.187
t1548477861.29 U23.06837 I18.019 T10.187 T_a15.2593603485, 10.187
t1548477861.4 U23.065818 I18.0166 T10.187 T_a15.2593603485, 10.187
t1548477861.51 U23.059114 I18.0118 T10.187 T_a15.2593603485, 10.187
t1548477861.62 U23.02845 I17.995 T10.187 T_a15.2593603485, 10.187
t1548477861.73 U23.04761 I18.007 T10.187 T_a15.2593603485, 10.187
t1548477861.83 U23.041858 I18.0046 T10.187 T_a15.2593603485, 10.187
t1548477861.94 U23.049514 I18.0118 T10.187 T_a15.2593603485, 10.187
t1548477862.05 U23.061018 I18.0166 T10.187 T_a15.2535731661, 10.187
t1548477862.16 U23.064218 I18.0166 T10.187 T_a15.2535731661, 10.187
t1548477862.27 U23.04761 I18.007 T10.187 T_a15.2535731661, 10.187
t1548477862.37 U23.070922 I18.0214 T10.187 T_a15.2535731661, 10.187
t1548477862.48 U23.04761 I18.007 T10.187 T_a15.2535731661, 10.187
t1548477862.59 U23.034506 I18.0022 T10.187 T_a15.2535731661, 10.187
t1548477862.7 U23.027154 I17.9998 T10.187 T_a15.2535731661, 10.187
t1548477862.81 U23.032906 I18.0022 T10.187 T_a15.2535731661, 10.187
t1548477862.91 U23.057818 I18.0166 T10.187 T_a15.2535731661, 10.187
t1548477863.02 U23.055914 I18.0118 T10.187 T_a15.2535731661, 10.187
t1548477863.13 U23.070274 I18.0238 T10.187 T_a15.2535731661, 10.187
t1548477863.24 U23.051114 I18.0118 T10.187 T_a15.2535731661, 10.187
t1548477863.35 U23.036106 I18.0022 T10.187 T_a15.2535731661, 10.187
t1548477863.45 U23.040258 I18.0046 T10.187 T_a15.2535731661, 10.187
t1548477863.56 U23.066122 I18.0214 T10.187 T_a15.2709347132, 10.187
t1548477863.67 U23.027154 I17.9998 T10.187 T_a15.2709347132, 10.187
t1548477863.78 U23.043762 I18.0094 T10.187 T_a15.2709347132, 10.187
t1548477863.89 U23.05877 I18.019 T10.187 T_a15.2709347132, 10.187
t1548477863.99 U23.061018 I18.0166 T10.187 T_a15.2709347132, 10.187
t1548477864.1 U23.031306 I18.0022 T10.187 T_a15.2709347132, 10.187
t1548477864.21 U23.074426 I18.0262 T10.187 T_a15.2709347132, 10.187
t1548477864.32 U23.058466 I18.0142 T10.187 T_a15.2709347132, 10.187
t1548477864.43 U23.027154 I17.9998 T10.187 T_a15.2709347132, 10.187
t1548477864.53 U23.03641 I18.007 T10.187 T_a15.2709347132, 10.187
t1548477864.64 U23.064522 I18.0214 T10.187 T_a15.2709347132, 10.187
t1548477864.75 U23.042162 I18.0094 T10.187 T_a15.2709347132, 10.187
t1548477864.86 U23.021402 I17.9974 T10.187 T_a15.2709347132, 10.187
t1548477864.97 U23.062922 I18.0214 T10.187 T_a15.2709347132, 10.187
t1548477865.07 U23.03961 I18.007 T10.187 T_a15.2709347132, 10.187
t1548477865.18 U23.007346 I17.9902 T10.187 T_a15.2477859803, 10.187
t1548477865.29 U23.050466 I18.0142 T10.187 T_a15.2477859803, 10.187
t1548477865.4 U23.072826 I18.0262 T10.187 T_a15.2477859803, 10.187
t1548477865.51 U23.013098 I17.9926 T10.187 T_a15.2477859803, 10.187
t1548477865.61 U23.024906 I18.0022 T10.187 T_a15.2477859803, 10.187
t1548477865.72 U23.076978 I18.0286 T10.187 T_a15.2477859803, 10.187
t1548477865.83 U23.026506 I18.0022 T10.187 T_a15.2477859803, 10.187
t1548477865.94 U23.011498 I17.9926 T10.187 T_a15.2477859803, 10.187
t1548477866.05 U23.062274 I18.0238 T10.187 T_a15.2477859803, 10.187
t1548477866.15 U23.05557 I18.019 T10.187 T_a15.2477859803, 10.187
t1548477866.27 U23.01725 I17.995 T10.187 T_a15.2477859803, 10.187
t1548477866.38 U23.019154 I17.9998 T10.187 T_a15.2477859803, 10.187
t1548477866.49 U23.015002 I17.9974 T10.187 T_a15.2477859803, 10.187
t1548477866.59 U23.075378 I18.0286 T10.187 T_a15.2477859803, 10.187
t1548477866.7 U23.067378 I18.0286 T10.187 T_a15.2072756932, 10.187
t1548477866.81 U23.015002 I17.9974 T10.187 T_a15.2072756932, 10.187
t1548477866.92 U23.080482 I18.0334 T10.187 T_a15.2072756932, 10.187
t1548477867.03 U23.040562 I18.0094 T10.187 T_a15.2072756932, 10.187
t1548477867.13 U23.00605 I17.995 T10.187 T_a15.2072756932, 10.187
t1548477867.24 U23.001594 I17.9878 T10.187 T_a15.2072756932, 10.187
t1548477867.35 U23.063874 I18.0238 T10.187 T_a15.2072756932, 10.187
t1548477867.46 U22.991042 I17.9854 T10.187 T_a15.2072756932, 10.187
t1548477867.57 U22.991994 I17.9878 T10.187 T_a15.2072756932, 10.187
t1548477867.67 U23.078882 I18.0334 T10.187 T_a15.2072756932, 10.187
t1548477867.78 U23.069626 I18.0262 T10.187 T_a15.2072756932, 10.187
t1548477867.89 U23.010202 I17.9974 T10.187 T_a15.2072756932, 10.187
t1548477868.0 U23.064826 I18.0262 T10.187 T_a15.2072756932, 10.187
t1548477868.11 U23.064826 I18.0262 T10.187 T_a15.2072756932, 10.187
t1548477868.21 U23.008602 I17.9974 T10.187 T_a15.2014885091, 10.187
t1548477868.32 U22.997746 I17.9902 T10.187 T_a15.2014885091, 10.187
t1548477868.43 U22.987842 I17.9854 T10.187 T_a15.2014885091, 10.187
t1548477868.54 U23.00765 I17.995 T10.187 T_a15.2014885091, 10.187
t1548477868.65 U23.075682 I18.0334 T10.187 T_a15.2014885091, 10.187
t1548477868.76 U23.017858 I18.0046 T10.187 T_a15.2014885091, 10.187
t1548477868.87 U22.992946 I17.9902 T10.187 T_a15.2014885091, 10.187
t1548477868.97 U23.061626 I18.0262 T10.187 T_a15.2014885091, 10.187
t1548477869.08 U23.057474 I18.0238 T10.187 T_a15.2014885091, 10.187
t1548477869.19 U23.00285 I17.995 T10.187 T_a15.2014885091, 10.187
t1548477869.3 U23.063226 I18.0262 T10.187 T_a15.2014885091, 10.187
t1548477869.41 U23.06673 I18.031 T10.187 T_a15.2014885091, 10.187
t1548477869.51 U23.013706 I18.0022 T10.187 T_a15.2014885091, 10.187
t1548477869.62 U22.994546 I17.9902 T10.187 T_a15.2014885091, 10.187
t1548477869.73 U23.072482 I18.0334 T10.187 T_a15.1841269163, 10.187
t1548477869.84 U22.99965 I17.995 T10.187 T_a15.1841269163, 10.187
t1548477869.95 U23.00125 I17.995 T10.187 T_a15.1841269163, 10.187
t1548477870.05 U23.051722 I18.0214 T10.187 T_a15.1841269163, 10.187
t1548477870.16 U23.060978 I18.0286 T10.187 T_a15.1841269163, 10.187
t1548477870.27 U22.983994 I17.9878 T10.187 T_a15.1841269163, 10.187
t1548477870.38 U23.007002 I17.9974 T10.187 T_a15.1841269163, 10.187
t1548477870.49 U23.06833 I18.031 T10.187 T_a15.1841269163, 10.187
t1548477870.59 U22.985594 I17.9878 T10.187 T_a15.1841269163, 10.187
t1548477870.7 U22.989746 I17.9902 T10.187 T_a15.1841269163, 10.187
t1548477870.81 U23.055226 I18.0262 T10.187 T_a15.1841269163, 10.187
t1548477870.92 U23.052026 I18.0262 T10.187 T_a15.1841269163, 10.187
t1548477871.03 U22.980794 I17.9878 T10.187 T_a15.1841269163, 10.187
t1548477871.13 U23.060978 I18.0286 T10.187 T_a15.1841269163, 10.187
t1548477871.24 U23.06673 I18.031 T10.187 T_a15.1841269163, 10.187
t1548477871.35 U22.988146 I17.9902 T10.187 T_a15.1667653033, 10.187
t1548477871.46 U23.035418 I18.0166 T10.187 T_a15.1667653033, 10.187
t1548477871.57 U23.005402 I17.9974 T10.187 T_a15.1667653033, 10.187
t1548477871.68 U23.019762 I18.0094 T10.187 T_a15.1667653033, 10.187
t1548477871.79 U23.052026 I18.0262 T10.187 T_a15.1667653033, 10.187
t1548477871.91 U23.025514 I18.0118 T10.187 T_a15.1667653033, 10.187
t1548477872.01 U23.01241 I18.007 T10.187 T_a15.1667653033, 10.187
t1548477872.12 U23.032218 I18.0166 T10.187 T_a15.1667653033, 10.187
t1548477872.23 U23.03477 I18.019 T10.187 T_a15.1667653033, 10.187
t1548477872.34 U23.007306 I18.0022 T10.187 T_a15.1667653033, 10.187
t1548477872.45 U23.041474 I18.0238 T10.187 T_a15.1667653033, 10.187
t1548477872.55 U23.021362 I18.0094 T10.187 T_a15.1667653033, 10.187
t1548477872.66 U22.997402 I17.9974 T10.187 T_a15.1667653033, 10.187
t1548477872.77 U23.042122 I18.0214 T10.187 T_a15.1667653033, 10.187
t1548477872.88 U23.035822 I18.0214 T10.187 T_a15.1320420385, 10.187
t1548477872.99 U22.989098 I17.9926 T10.187 T_a15.1320420385, 10.187
t1548477873.09 U23.020714 I18.0118 T10.187 T_a15.1320420385, 10.187
t1548477873.2 U23.052978 I18.0286 T10.187 T_a15.1320420385, 10.187
t1548477873.31 U23.009858 I18.0046 T10.187 T_a15.1320420385, 10.187
t1548477873.42 U23.011458 I18.0046 T10.187 T_a15.1320420385, 10.187
t1548477873.53 U23.05553 I18.031 T10.187 T_a15.1320420385, 10.187
t1548477873.63 U23.024866 I18.0142 T10.187 T_a15.1320420385, 10.187
t1548477873.74 U22.978646 I17.9902 T10.187 T_a15.1320420385, 10.187
t1548477873.85 U23.029018 I18.0166 T10.187 T_a15.1320420385, 10.187
t1548477873.96 U23.039974 I18.0238 T10.187 T_a15.1320420385, 10.187
t1548477874.07 U23.014414 I18.0118 T10.187 T_a15.1320420385, 10.187
t1548477874.17 U23.001554 I17.9998 T10.187 T_a15.1320420385, 10.187
t1548477874.28 U23.051378 I18.0286 T10.187 T_a15.1320420385, 10.187
t1548477874.39 U22.999954 I17.9998 T10.187 T_a15.1378292429, 10.187
t1548477874.5 U22.985998 I17.9926 T10.187 T_a15.1378292429, 10.187
t1548477874.61 U23.020714 I18.0118 T10.187 T_a15.1378292429, 10.187
t1548477874.71 U23.046678 I18.0286 T10.187 T_a15.1378292429, 10.187
t1548477874.82 U22.98695 I17.995 T10.187 T_a15.1378292429, 10.187
t1548477874.93 U22.992054 I17.9998 T10.187 T_a15.1378292429, 10.187
t1548477875.04 U23.048278 I18.0286 T10.187 T_a15.1378292429, 10.187
t1548477875.15 U22.989502 I17.9974 T10.187 T_a15.1378292429, 10.187
t1548477875.25 U22.981198 I17.9926 T10.187 T_a15.1378292429, 10.187
t1548477875.36 U23.039326 I18.0262 T10.187 T_a15.1378292429, 10.187
t1548477875.47 U23.036774 I18.0238 T10.187 T_a15.1378292429, 10.187
t1548477875.58 U22.98535 I17.995 T10.187 T_a15.1378292429, 10.187
t1548477875.69 U23.043478 I18.0286 T10.187 T_a15.1378292429, 10.187
t1548477875.79 U23.042526 I18.0262 T10.187 T_a15.1378292429, 10.187
t1548477875.9 U22.996206 I18.0022 T10.187 T_a15.1146803092, 10.187
t1548477876.01 U22.989502 I17.9974 T10.187 T_a15.1146803092, 10.187
t1548477876.12 U23.057534 I18.0358 T10.187 T_a15.1146803092, 10.187
t1548477876.23 U22.977998 I17.9926 T10.187 T_a15.1146803092, 10.187
t1548477876.33 U22.972246 I17.9902 T10.187 T_a15.1146803092, 10.187
t1548477876.44 U23.037726 I18.0262 T10.187 T_a15.1146803092, 10.187
t1548477876.55 U23.031974 I18.0238 T10.187 T_a15.1146803092, 10.187
t1548477876.66 U22.964894 I17.9878 T10.187 T_a15.1146803092, 10.187
t1548477876.77 U22.975446 I17.9902 T10.187 T_a15.1146803092, 10.187
t1548477876.87 U23.033574 I18.0238 T10.187 T_a15.1146803092, 10.187
t1548477876.98 U22.973198 I17.9926 T10.187 T_a15.1146803092, 10.187
t1548477877.09 U22.97895 I17.995 T10.187 T_a15.1146803092, 10.187
t1548477877.2 U23.045078 I18.0286 T10.187 T_a15.1146803092, 10.187
t1548477877.31 U23.03803 I18.031 T10.187 T_a15.1146803092, 10.187
t1548477877.41 U22.974798 I17.9926 T10.187 T_a15.0915313369, 10.187
t1548477877.52 U22.985654 I17.9998 T10.187 T_a15.0915313369, 10.187
t1548477877.63 U23.04443 I18.031 T10.187 T_a15.0915313369, 10.187
t1548477877.74 U22.971598 I17.9926 T10.187 T_a15.0915313369, 10.187
t1548477877.85 U22.972246 I17.9902 T10.187 T_a15.0915313369, 10.187
t1548477877.95 U23.028774 I18.0238 T10.187 T_a15.0915313369, 10.187
t1548477878.06 U22.97895 I17.995 T10.187 T_a15.0915313369, 10.187
t1548477878.17 U22.960094 I17.9878 T10.187 T_a15.0915313369, 10.187
t1548477878.28 U23.049534 I18.0358 T10.187 T_a15.0915313369, 10.187
t1548477878.39 U23.047934 I18.0358 T10.187 T_a15.0915313369, 10.187
t1548477878.49 U22.984054 I17.9998 T10.187 T_a15.0915313369, 10.187
t1548477878.6 U22.964894 I17.9878 T10.187 T_a15.0915313369, 10.187
t1548477878.71 U23.031326 I18.0262 T10.187 T_a15.0915313369, 10.187
t1548477878.82 U22.97095 I17.995 T10.187 T_a15.0915313369, 10.187
t1548477878.93 U22.961046 I17.9902 T10.187 T_a15.0915313369, 10.187
t1548477879.03 U23.037078 I18.0286 T10.187 T_a15.0741695503, 10.187
t1548477879.14 U23.040582 I18.0334 T10.187 T_a15.0741695503, 10.187
t1548477879.25 U22.976702 I17.9974 T10.187 T_a15.0741695503, 10.187
t1548477879.36 U23.028774 I18.0238 T10.187 T_a15.0741695503, 10.187
t1548477879.47 U23.031326 I18.0262 T10.187 T_a15.0741695503, 10.187
t1548477879.57 U22.966798 I17.9926 T10.187 T_a15.0741695503, 10.187
t1548477879.68 U22.97255 I17.995 T10.187 T_a15.0741695503, 10.187
t1548477879.79 U23.021422 I18.0214 T10.187 T_a15.0741695503, 10.187
t1548477879.9 U22.951142 I17.9854 T10.187 T_a15.0741695503, 10.187
t1548477880.01 U22.981806 I18.0022 T10.187 T_a15.0741695503, 10.187
t1548477880.11 U23.033878 I18.0286 T10.187 T_a15.0741695503, 10.187
t1548477880.22 U23.033878 I18.0286 T10.187 T_a15.0741695503, 10.187
t1548477880.33 U22.971902 I17.9974 T10.187 T_a15.0741695503, 10.187
t1548477880.44 U22.974798 I17.9926 T10.187 T_a15.0741695503, 10.187
t1548477880.55 U23.020774 I18.0238 T10.187 T_a15.0510203488, 10.187
t1548477880.65 U22.96615 I17.995 T10.187 T_a15.0510203488, 10.187
t1548477880.76 U22.96775 I17.995 T10.187 T_a15.0510203488, 10.187
t1548477880.87 U23.01727 I18.019 T10.187 T_a15.0510203488, 10.187
t1548477880.98 U23.023326 I18.0262 T10.187 T_a15.0510203488, 10.187
t1548477881.09 U22.984358 I18.0046 T10.187 T_a15.0510203488, 10.187
t1548477881.19 U23.029078 I18.0286 T10.187 T_a15.0510203488, 10.187
t1548477881.3 U23.01247 I18.019 T10.187 T_a15.0510203488, 10.187
t1548477881.41 U22.957846 I17.9902 T10.187 T_a15.0510203488, 10.187
t1548477881.52 U22.973198 I17.9926 T10.187 T_a15.0510203488, 10.187
t1548477881.63 U23.002566 I18.0142 T10.187 T_a15.0510203488, 10.187
t1548477881.73 U22.970302 I17.9974 T10.187 T_a15.0510203488, 10.187
t1548477881.84 U22.971254 I17.9998 T10.187 T_a15.0510203488, 10.187
t1548477881.95 U23.049838 I18.0406 T10.187 T_a15.0510203488, 10.187
t1548477882.06 U23.01087 I18.019 T10.187 T_a15.0220838469, 10.187
t1548477882.17 U22.995214 I18.0118 T10.187 T_a15.0220838469, 10.187
t1548477882.27 U22.980854 I17.9998 T10.187 T_a15.0220838469, 10.187
t1548477882.38 U23.01247 I18.019 T10.187 T_a15.0220838469, 10.187
t1548477882.49 U22.944742 I17.9854 T10.187 T_a15.0220838469, 10.187
t1548477882.6 U22.977006 I18.0022 T10.187 T_a15.0220838469, 10.187
t1548477882.71 U23.004166 I18.0142 T10.187 T_a15.0220838469, 10.187
t1548477882.81 U23.003822 I18.0214 T10.187 T_a15.0220838469, 10.187
t1548477882.93 U22.98691 I18.007 T10.187 T_a15.0220838469, 10.187
t1548477883.04 U22.976054 I17.9998 T10.187 T_a15.0220838469, 10.187
t1548477883.15 U23.000966 I18.0142 T10.187 T_a15.0220838469, 10.187
t1548477883.25 U22.970302 I17.9974 T10.187 T_a15.0220838469, 10.187
t1548477883.36 U22.98371 I18.007 T10.187 T_a15.0220838469, 10.187
t1548477883.38 U0.0 I0.0 T10.187 T_a-102.0, Discharging completed/interrupted: untitled
t1548478014.19 U0.0 I0.0 T10.25 T_a-101.0, Discharging started: untitled
t1548478014.19 U0.0 I0.0 T10.25 T_a-101.0, Discharging started: untitled
t1548478024.22 U23.9202044127 I35.9972 T10.25 T_a15.3345937862, 10.25
t1548478024.33 U23.9634415556 I36.0332 T10.25 T_a15.3345937862, 10.25
t1548478024.44 U23.9689931746 I36.038 T10.25 T_a15.3345937862, 10.25
t1548478024.55 U23.9177560317 I36.002 T10.25 T_a15.3345937862, 10.25
t1548478024.65 U23.9138044127 I35.9972 T10.25 T_a15.3345937862, 10.25
t1548478024.76 U23.960665746 I36.0308 T10.25 T_a15.3345937862, 10.25
t1548478024.87 U23.945514127 I36.026 T10.25 T_a15.3345937862, 10.25
t1548478024.98 U23.9101802222 I35.9996 T10.25 T_a15.3345937862, 10.25
t1548478025.09 U23.9653689841 I36.0404 T10.25 T_a15.3345937862, 10.25
t1548478025.19 U23.954265746 I36.0308 T10.25 T_a15.3345937862, 10.25
t1548478025.3 U23.9189318413 I36.0044 T10.25 T_a15.3345937862, 10.25
t1548478025.41 U23.9122044127 I35.9972 T10.25 T_a15.3288065871, 10.25
t1548478025.52 U23.9625931746 I36.038 T10.25 T_a15.3288065871, 10.25
t1548478025.63 U23.9153076508 I36.0068 T10.25 T_a15.3288065871, 10.25
t1548478025.73 U23.8954527937 I35.9924 T10.25 T_a15.3288065871, 10.25
t1548478025.85 U23.9577931746 I36.038 T10.25 T_a15.3288065871, 10.25
t1548478025.95 U23.9129560317 I36.002 T10.25 T_a15.3288065871, 10.25
t1548478026.06 U23.946265746 I36.0308 T10.25 T_a15.3288065871, 10.25
t1548478026.17 U23.9097560317 I36.002 T10.25 T_a15.3288065871, 10.25
t1548478026.28 U23.9125318413 I36.0044 T10.25 T_a15.3288065871, 10.25
t1548478026.39 U23.9502173651 I36.0356 T10.25 T_a15.3288065871, 10.25
t1548478026.49 U23.9406173651 I36.0356 T10.25 T_a15.3288065871, 10.25
t1548478026.6 U23.8986527937 I35.9924 T10.25 T_a15.3288065871, 10.25
t1548478026.71 U23.929514127 I36.026 T10.25 T_a15.3288065871, 10.25
t1548478026.82 U23.9613206032 I36.0452 T10.25 T_a15.3288065871, 10.25
t1548478026.93 U23.9029318413 I36.0044 T10.25 T_a15.3172321889, 10.25
t1548478027.03 U23.9077318413 I36.0044 T10.25 T_a15.3172321889, 10.25
t1548478027.14 U23.9474415556 I36.0332 T10.25 T_a15.3172321889, 10.25
t1548478027.25 U23.8918286032 I35.9948 T10.25 T_a15.3172321889, 10.25
t1548478027.36 U23.8989802222 I35.9996 T10.25 T_a15.3172321889, 10.25
t1548478027.47 U23.9461689841 I36.0404 T10.25 T_a15.3172321889, 10.25
t1548478027.57 U23.9378415556 I36.0332 T10.25 T_a15.3172321889, 10.25
t1548478027.68 U23.8886286032 I35.9948 T10.25 T_a15.3172321889, 10.25
t1548478027.79 U23.8851011746 I35.9876 T10.25 T_a15.3172321889, 10.25
t1548478027.9 U23.9465931746 I36.038 T10.25 T_a15.3172321889, 10.25
t1548478028.01 U23.9029318413 I36.0044 T10.25 T_a15.3172321889, 10.25
t1548478028.11 U23.8925802222 I35.9996 T10.25 T_a15.3172321889, 10.25
t1548478028.22 U23.927914127 I36.026 T10.25 T_a15.3172321889, 10.25
t1548478028.33 U23.9210899365 I36.0284 T10.25 T_a15.3172321889, 10.25
t1548478028.44 U23.8882044127 I35.9972 T10.25 T_a15.3172321889, 10.25
t1548478028.55 U23.9310173651 I36.0356 T10.25 T_a15.3172321889, 10.25
t1548478028.65 U23.9362415556 I36.0332 T10.25 T_a15.3172321889, 10.25
t1548478028.76 U23.8838286032 I35.9948 T10.25 T_a15.3172321889, 10.25
t1548478028.87 U23.8794527937 I35.9924 T10.25 T_a15.3172321889, 10.25
t1548478028.98 U23.9358173651 I36.0356 T10.25 T_a15.3172321889, 10.25
t1548478029.09 U23.8905560317 I36.002 T10.25 T_a15.3172321889, 10.25
t1548478029.19 U23.8889560317 I36.002 T10.25 T_a15.3172321889, 10.25
t1548478029.3 U23.928665746 I36.0308 T10.25 T_a15.3172321889, 10.25
t1548478029.41 U23.9310173651 I36.0356 T10.25 T_a15.3172321889, 10.25
t1548478029.52 U23.8822286032 I35.9948 T10.25 T_a15.3172321889, 10.25
t1548478029.63 U23.8933318413 I36.0044 T10.25 T_a15.3172321889, 10.25
t1548478029.73 U23.9369931746 I36.038 T10.25 T_a15.3172321889, 10.25
t1548478029.84 U23.8813802222 I35.9996 T10.25 T_a15.3172321889, 10.25
t1548478029.95 U23.8666527937 I35.9924 T10.25 T_a15.3172321889, 10.25
t1548478030.06 U23.9226899365 I36.0284 T10.25 T_a15.3172321889, 10.25
t1548478030.17 U23.9230173651 I36.0356 T10.25 T_a15.3172321889, 10.25
t1548478030.27 U23.8924834603 I36.0092 T10.25 T_a15.3172321889, 10.25
t1548478030.38 U23.917465746 I36.0308 T10.25 T_a15.3172321889, 10.25
t1548478030.49 U23.9234415556 I36.0332 T10.25 T_a15.3172321889, 10.25
t1548478030.52 U0.0 I0.0 T10.25 T_a-102.0, Discharging completed/interrupted: untitled
t1548478067.2 U0.0 I0.0 T10.25 T_a-101.0, Discharging started: untitled
t1548478067.2 U0.0 I0.0 T10.25 T_a-101.0, Discharging started: untitled
t1548478077.23 U21.903874 I47.9995 T10.25 T_a15.1378292429, 10.25
t1548478077.34 U21.8927796 I47.9923 T10.25 T_a15.1378292429, 10.25
t1548478077.45 U21.9194516 I48.0283 T10.25 T_a15.1378292429, 10.25
t1548478077.56 U21.9146868 I48.0259 T10.25 T_a15.1378292429, 10.25
t1548478077.67 U21.8895444 I47.9947 T10.25 T_a15.1378292429, 10.25
t1548478077.77 U21.9161812 I48.0331 T10.25 T_a15.1378292429, 10.25
t1548478077.88 U21.917746 I48.0355 T10.25 T_a15.1378292429, 10.25
t1548478077.99 U21.8815444 I47.9947 T10.25 T_a15.1378292429, 10.25
t1548478078.1 U21.8862036 I48.0043 T10.25 T_a15.1378292429, 10.25
t1548478078.21 U21.8752148 I47.9899 T10.25 T_a15.1378292429, 10.25
t1548478078.32 U21.8878036 I48.0043 T10.25 T_a15.1378292429, 10.25
t1548478078.43 U21.8923924 I48.0187 T10.25 T_a15.160978099, 10.25
t1548478078.53 U21.889298 I48.0115 T10.25 T_a15.160978099, 10.25
t1548478078.64 U21.8813684 I48.0067 T10.25 T_a15.160978099, 10.25
t1548478078.75 U21.8986164 I48.0307 T10.25 T_a15.160978099, 10.25
t1548478078.87 U21.889122 I48.0235 T10.25 T_a15.160978099, 10.25
t1548478078.97 U21.8954164 I48.0307 T10.25 T_a15.160978099, 10.25
t1548478079.08 U21.871874 I47.9995 T10.25 T_a15.160978099, 10.25
t1548478079.19 U21.8608148 I47.9899 T10.25 T_a15.160978099, 10.25
t1548478079.3 U21.887522 I48.0235 T10.25 T_a15.160978099, 10.25
t1548478079.41 U21.8874868 I48.0259 T10.25 T_a15.160978099, 10.25
t1548478079.51 U21.8544148 I47.9899 T10.25 T_a15.160978099, 10.25
t1548478079.62 U21.8859572 I48.0211 T10.25 T_a15.160978099, 10.25
t1548478079.73 U21.892146 I48.0355 T10.25 T_a15.160978099, 10.25
t1548478079.84 U21.8607444 I47.9947 T10.25 T_a15.160978099, 10.25
t1548478079.95 U21.8655444 I47.9947 T10.25 T_a15.1899141207, 10.25
t1548478080.05 U21.8874164 I48.0307 T10.25 T_a15.1899141207, 10.25
t1548478080.16 U21.8591444 I47.9947 T10.25 T_a15.1899141207, 10.25
t1548478080.27 U21.8575444 I47.9947 T10.25 T_a15.1899141207, 10.25
t1548478080.38 U21.881122 I48.0235 T10.25 T_a15.1899141207, 10.25
t1548478080.49 U21.8762516 I48.0283 T10.25 T_a15.1899141207, 10.25
t1548478080.59 U21.8480148 I47.9899 T10.25 T_a15.1899141207, 10.25
t1548478080.7 U21.8762516 I48.0283 T10.25 T_a15.1899141207, 10.25
t1548478080.81 U21.8746868 I48.0259 T10.25 T_a15.1899141207, 10.25
t1548478080.92 U21.8714868 I48.0259 T10.25 T_a15.1899141207, 10.25
t1548478081.03 U21.8683572 I48.0211 T10.25 T_a15.1899141207, 10.25
t1548478081.14 U21.84325 I47.9875 T10.25 T_a15.1899141207, 10.25
t1548478081.25 U21.8651924 I48.0187 T10.25 T_a15.1899141207, 10.25
t1548478081.35 U21.8714164 I48.0307 T10.25 T_a15.1899141207, 10.25
t1548478081.46 U21.849474 I47.9995 T10.25 T_a15.1899141207, 10.25
t1548478081.57 U21.8510388 I48.0019 T10.25 T_a15.1899141207, 10.25
t1548478081.68 U21.8745812 I48.0331 T10.25 T_a15.1899141207, 10.25
t1548478081.79 U21.8682516 I48.0283 T10.25 T_a15.1899141207, 10.25
t1548478081.89 U21.8447092 I47.9971 T10.25 T_a15.1899141207, 10.25
t1548478082.0 U21.8588276 I48.0163 T10.25 T_a15.1899141207, 10.25
t1548478082.11 U21.863446 I48.0355 T10.25 T_a15.1899141207, 10.25
t1548478082.22 U21.8337148 I47.9899 T10.25 T_a15.1899141207, 10.25
t1548478082.33 U21.8384796 I47.9923 T10.25 T_a15.1899141207, 10.25
t1548478082.43 U21.8571868 I48.0259 T10.25 T_a15.1899141207, 10.25
t1548478082.54 U21.8463388 I48.0019 T10.25 T_a15.1899141207, 10.25
t1548478082.65 U21.8273148 I47.9899 T10.25 T_a15.1899141207, 10.25
t1548478082.76 U21.8571868 I48.0259 T10.25 T_a15.1899141207, 10.25
t1548478082.87 U21.8587164 I48.0307 T10.25 T_a15.1899141207, 10.25
t1548478082.97 U21.8304796 I47.9923 T10.25 T_a15.195701325, 10.25
t1548478083.08 U21.8476572 I48.0211 T10.25 T_a15.195701325, 10.25
t1548478083.19 U21.8587164 I48.0307 T10.25 T_a15.195701325, 10.25
t1548478083.3 U21.8335388 I48.0019 T10.25 T_a15.195701325, 10.25
t1548478083.41 U21.8241148 I47.9899 T10.25 T_a15.195701325, 10.25
t1548478083.51 U21.8460572 I48.0211 T10.25 T_a15.195701325, 10.25
t1548478083.62 U21.8288444 I47.9947 T10.25 T_a15.195701325, 10.25
t1548478083.73 U21.8193148 I47.9899 T10.25 T_a15.195701325, 10.25
t1548478083.84 U21.8523868 I48.0259 T10.25 T_a15.195701325, 10.25
t1548478083.95 U21.8318684 I48.0067 T10.25 T_a15.195701325, 10.25
t1548478084.06 U21.8413276 I48.0163 T10.25 T_a15.195701325, 10.25
t1548478084.17 U21.8208796 I47.9923 T10.25 T_a15.195701325, 10.25
t1548478084.28 U21.823974 I47.9995 T10.25 T_a15.195701325, 10.25
t1548478084.39 U21.8507164 I48.0307 T10.25 T_a15.195701325, 10.25
t1548478084.49 U21.847622 I48.0235 T10.25 T_a15.195701325, 10.25
t1548478084.6 U21.8349276 I48.0163 T10.25 T_a15.2304244297, 10.25
t1548478084.71 U21.8427868 I48.0259 T10.25 T_a15.2304244297, 10.25
t1548478084.82 U21.8491868 I48.0259 T10.25 T_a15.2304244297, 10.25
t1548478084.93 U21.8144796 I47.9923 T10.25 T_a15.2304244297, 10.25
t1548478085.03 U21.827174 I47.9995 T10.25 T_a15.2304244297, 10.25
t1548478085.14 U21.8428924 I48.0187 T10.25 T_a15.2304244297, 10.25
t1548478085.25 U21.8347516 I48.0283 T10.25 T_a15.2304244297, 10.25
t1548478085.36 U21.8239036 I48.0043 T10.25 T_a15.2304244297, 10.25
t1548478085.47 U21.8537052 I48.0451 T10.25 T_a15.2304244297, 10.25
t1548478085.57 U21.8365276 I48.0163 T10.25 T_a15.2304244297, 10.25
t1548478085.68 U21.8144796 I47.9923 T10.25 T_a15.2304244297, 10.25
t1548478085.74 U0.0 I0.0 T10.25 T_a-102.0, Discharging completed/interrupted: untitled
t1548478123.33 U0.0 I0.0 T10.25 T_a-101.0, Discharging started: untitled
t1548478123.33 U0.0 I0.0 T10.25 T_a-101.0, Discharging started: untitled
t1548478133.37 U22.488555947 I54.0043 T10.25 T_a15.4214020895, 10.25
t1548478133.48 U22.4954603791 I54.0283 T10.25 T_a15.4214020895, 10.25
t1548478133.59 U22.4885386063 I54.0187 T10.25 T_a15.4214020895, 10.25
t1548478133.7 U22.4677178526 I53.9898 T10.25 T_a15.4214020895, 10.25
t1548478133.81 U22.4698396254 I53.9994 T10.25 T_a15.4214020895, 10.25
t1548478133.91 U22.4789386063 I54.0187 T10.25 T_a15.4214020895, 10.25
t1548478134.02 U22.4730777198 I54.0139 T10.25 T_a15.4214020895, 10.25
t1548478134.13 U22.4744255038 I54.0019 T10.25 T_a15.4214020895, 10.25
t1548478134.24 U22.4855908223 I54.0307 T10.25 T_a15.4214020895, 10.25
t1548478134.28 U0.0 I0.0 T10.25 T_a-102.0, Discharging completed/interrupted: untitled
t1548478197.96 U0.0 I0.0 T10.312 T_a-101.0, Discharging started: untitled
t1548478197.96 U0.0 I0.0 T10.312 T_a-101.0, Discharging started: untitled
t1548478202.68 U0.0 I0.0 T10.312 T_a-102.0, Discharging completed/interrupted: untitled
t1548478267.65 U0.0 I0.0 T10.375 T_a-101.0, Discharging started: untitled
t1548478267.65 U0.0 I0.0 T10.375 T_a-101.0, Discharging started: untitled
t1548478277.68 U22.5901578677 I71.9945 T10.375 T_a15.2651475309, 10.375
t1548478277.79 U22.614797106 I72.0257 T10.375 T_a15.2651475309, 10.375
t1548478277.9 U22.6114984687 I72.0329 T10.375 T_a15.2651475309, 10.375
t1548478278.0 U22.5949578677 I71.9945 T10.375 T_a15.2651475309, 10.375
t1548478278.11 U22.608397106 I72.0257 T10.375 T_a15.2651475309, 10.375
t1548478278.22 U22.6025633185 I72.0233 T10.375 T_a15.2651475309, 10.375
t1548478278.33 U22.5837578677 I71.9945 T10.375 T_a15.2651475309, 10.375
t1548478278.39 U0.0 I0.0 T10.375 T_a-102.0, Discharging completed/interrupted: untitled
t1548478335.49 U0.0 I0.0 T10.437 T_a-101.0, Discharging started: untitled
t1548478335.49 U0.0 I0.0 T10.437 T_a-101.0, Discharging started: untitled
t1548478341.25 U0.0 I0.0 T10.437 T_a-102.0, Discharging completed/interrupted: untitled
